2022-01-27 15:20:53:INFO:-------------Round number: 0-------------
2022-01-27 15:20:53:INFO:-------------Sending models-------------
2022-01-27 15:20:53:INFO:-------------Evaluating models-------------
2022-01-27 15:20:53:INFO:Average Global Accuracy and Loss for Each Task:
2022-01-27 15:20:53:INFO:Accuracy = [0.9502265458422174, 0.049506929637526655, 0.049906716417910446, 0.05023987206823028, 0.9221748400852878, 0.9289712153518124, 0.050106609808102345, 0.04970682302771855, 0.9503598081023454, 0.9493603411513859, 0.9498267590618337, 0.9497601279317697, 0.05023987206823028, 0.04997334754797441, 0.9502931769722814, 0.949293710021322, 0.9494936034115139, 0.9503598081023454, 0.04970682302771855, 0.0632995735607676]
2022-01-27 15:20:53:INFO:Loss = [0.6619981636545424, 0.7292549695049141, 0.7217573681310105, 0.7380349225342782, 0.6905518001251256, 0.6896613013428221, 0.7450982193742544, 0.704680367482147, 0.6837968179213403, 0.6312667926642369, 0.6200152934868453, 0.6527603791355451, 0.7116316941374147, 0.7153925295196363, 0.6258635437771328, 0.6574140532391031, 0.6176271089303024, 0.6183573418636439, 0.7690814845740541, 0.6963025547508428]
2022-01-27 15:20:53:INFO:-------------Training local models-------------
2022-01-27 15:23:22:INFO:-------------Aggregating local models-------------
2022-01-27 15:23:24:INFO:-------------Round number: 1-------------
2022-01-27 15:23:24:INFO:-------------Sending models-------------
2022-01-27 15:23:24:INFO:-------------Evaluating models-------------
2022-01-27 15:23:25:INFO:Average Global Accuracy and Loss for Each Task:
2022-01-27 15:23:25:INFO:Accuracy = [0.9502265458422174, 0.9504930703624733, 0.9500932835820896, 0.9497601279317697, 0.9501599147121536, 0.9500932835820896, 0.9498933901918977, 0.9502931769722814, 0.9503598081023454, 0.9493603411513859, 0.6589818763326226, 0.9497601279317697, 0.9497601279317697, 0.04997334754797441, 0.5368470149253731, 0.949293710021322, 0.9494936034115139, 0.6637126865671642, 0.04970682302771855, 0.2626599147121535]
2022-01-27 15:23:25:INFO:Loss = [0.20530533229709783, 0.20129022527156448, 0.20611216788684555, 0.20772083349593445, 0.19320187613870432, 0.22554506633087182, 0.21687301716207266, 0.21374473449235945, 0.2082084730396103, 0.20950913253321704, 0.6835935714164141, 0.4578223116318586, 0.5165982263595629, 0.9881547330968035, 0.6941010688802899, 0.5659550494675253, 0.5591966124223684, 0.6819361346616928, 0.8067422406966371, 0.7137260303131616]
2022-01-27 15:23:25:INFO:-------------Training local models-------------
2022-01-27 15:25:54:INFO:-------------Aggregating local models-------------
2022-01-27 15:25:56:INFO:-------------Round number: 2-------------
2022-01-27 15:25:56:INFO:-------------Sending models-------------
2022-01-27 15:25:56:INFO:-------------Evaluating models-------------
2022-01-27 15:25:57:INFO:Average Global Accuracy and Loss for Each Task:
2022-01-27 15:25:57:INFO:Accuracy = [0.9502265458422174, 0.9504930703624733, 0.9500932835820896, 0.9497601279317697, 0.9501599147121536, 0.9500932835820896, 0.9498933901918977, 0.9502931769722814, 0.9503598081023454, 0.9493603411513859, 0.5807569296375267, 0.9497601279317697, 0.9497601279317697, 0.04997334754797441, 0.45982142857142855, 0.949293710021322, 0.9494936034115139, 0.49853411513859275, 0.04984008528784648, 0.26812366737739873]
2022-01-27 15:25:57:INFO:Loss = [0.18883875900480365, 0.17743796361476255, 0.17636238217407435, 0.17895426607178425, 0.1676035881044218, 0.18315408893449825, 0.17858986060461723, 0.17776242350545854, 0.17754371117401832, 0.18995078663373474, 0.6903309808698481, 0.42620818436876545, 0.48818511006110576, 1.049238573728022, 0.7030011238152983, 0.5496188982217106, 0.5561067535361247, 0.6933841650713799, 0.8126755681262214, 0.7229827342312664]
2022-01-27 15:25:57:INFO:-------------Training local models-------------
2022-01-27 15:28:26:INFO:-------------Aggregating local models-------------
2022-01-27 15:28:28:INFO:-------------Round number: 3-------------
2022-01-27 15:28:28:INFO:-------------Sending models-------------
2022-01-27 15:28:28:INFO:-------------Evaluating models-------------
2022-01-27 15:28:28:INFO:Average Global Accuracy and Loss for Each Task:
2022-01-27 15:28:28:INFO:Accuracy = [0.9502265458422174, 0.9504930703624733, 0.9500932835820896, 0.9497601279317697, 0.9501599147121536, 0.9500932835820896, 0.9498933901918977, 0.9502931769722814, 0.9503598081023454, 0.9493603411513859, 0.5734275053304904, 0.9497601279317697, 0.9497601279317697, 0.04997334754797441, 0.46175373134328357, 0.949293710021322, 0.9494936034115139, 0.4735474413646055, 0.04997334754797441, 0.26519189765458423]
2022-01-27 15:28:28:INFO:Loss = [0.188118026747968, 0.17686963829868185, 0.17331210959619328, 0.17712648215292615, 0.16454764844195396, 0.17956637347123022, 0.1771972527675855, 0.17374322838760586, 0.17531863704094414, 0.189957660060924, 0.6906406144772385, 0.42139100507378324, 0.48384163743143144, 1.0609808859310106, 0.7032062039613279, 0.5481776688724502, 0.5550637859771691, 0.6955322597715964, 0.813276188376584, 0.7257492480787642]
2022-01-27 15:28:28:INFO:-------------Training local models-------------
2022-01-27 15:30:58:INFO:-------------Aggregating local models-------------
2022-01-27 15:31:00:INFO:-------------Round number: 4-------------
2022-01-27 15:31:00:INFO:-------------Sending models-------------
2022-01-27 15:31:00:INFO:-------------Evaluating models-------------
2022-01-27 15:31:00:INFO:Average Global Accuracy and Loss for Each Task:
2022-01-27 15:31:00:INFO:Accuracy = [0.9502265458422174, 0.9504930703624733, 0.9500932835820896, 0.9497601279317697, 0.9501599147121536, 0.9500932835820896, 0.9498933901918977, 0.9502931769722814, 0.9503598081023454, 0.9493603411513859, 0.5695628997867804, 0.9497601279317697, 0.9497601279317697, 0.04997334754797441, 0.4640191897654584, 0.949293710021322, 0.9494936034115139, 0.4613539445628998, 0.05003997867803838, 0.25672974413646055]
2022-01-27 15:31:00:INFO:Loss = [0.18759652108340255, 0.17662666038374727, 0.1719911620691061, 0.17643374549748717, 0.1625004283132415, 0.17833848116941242, 0.17668284670209516, 0.17207893314681996, 0.17445448089179014, 0.18975479729416003, 0.6907444059777298, 0.41903655778870846, 0.4814298062908974, 1.0671967538530385, 0.7033061483449964, 0.5482397590444159, 0.5534927261107639, 0.6967215731160156, 0.8135906393284292, 0.7276112720576812]
2022-01-27 15:31:00:INFO:-------------Training local models-------------
2022-01-27 15:33:30:INFO:-------------Aggregating local models-------------
2022-01-27 15:33:31:INFO:-------------Round number: 5-------------
2022-01-27 15:33:31:INFO:-------------Sending models-------------
2022-01-27 15:33:32:INFO:-------------Evaluating models-------------
2022-01-27 15:33:32:INFO:Average Global Accuracy and Loss for Each Task:
2022-01-27 15:33:32:INFO:Accuracy = [0.9502265458422174, 0.9504930703624733, 0.9500932835820896, 0.9497601279317697, 0.9501599147121536, 0.9500932835820896, 0.9498933901918977, 0.9502931769722814, 0.9503598081023454, 0.9493603411513859, 0.5672974413646056, 0.9497601279317697, 0.9497601279317697, 0.04997334754797441, 0.4660847547974414, 0.949293710021322, 0.9494936034115139, 0.45149253731343286, 0.05003997867803838, 0.2468683368869936]
2022-01-27 15:33:32:INFO:Loss = [0.18700423751593326, 0.17641083790480333, 0.17087528920138695, 0.1759406945128654, 0.16030367204229032, 0.17764785393242483, 0.17616851506471784, 0.17120378018966986, 0.1739540259288783, 0.18927443921883733, 0.6907834730653176, 0.41751991156170937, 0.47956879202054065, 1.0718343387018325, 0.7033648148361744, 0.5483960782700001, 0.5518400519053692, 0.6973604104364477, 0.8136458281737401, 0.7291557799929431]
2022-01-27 15:33:32:INFO:-------------Training local models-------------
2022-01-27 15:36:01:INFO:-------------Aggregating local models-------------
2022-01-27 15:36:03:INFO:-------------Round number: 6-------------
2022-01-27 15:36:03:INFO:-------------Sending models-------------
2022-01-27 15:36:03:INFO:-------------Evaluating models-------------
2022-01-27 15:36:04:INFO:Average Global Accuracy and Loss for Each Task:
2022-01-27 15:36:04:INFO:Accuracy = [0.9502265458422174, 0.9504930703624733, 0.9500932835820896, 0.9497601279317697, 0.9501599147121536, 0.9500932835820896, 0.9498933901918977, 0.9502931769722814, 0.9503598081023454, 0.9493603411513859, 0.5658315565031983, 0.9497601279317697, 0.9497601279317697, 0.04997334754797441, 0.4680170575692964, 0.949293710021322, 0.9494936034115139, 0.4420309168443497, 0.050306503198294245, 0.23893923240938167]
2022-01-27 15:36:04:INFO:Loss = [0.1862856904637994, 0.17615639076464926, 0.16964471494572472, 0.17548691214561568, 0.1577785221564989, 0.1771225390443479, 0.1756266738017048, 0.1706328844679008, 0.1735797692530864, 0.18857199589171803, 0.6906955560673275, 0.4164894241641071, 0.47790718118725684, 1.0759971311597873, 0.7035377987030981, 0.5483996169780617, 0.5501827112814066, 0.6978313416671524, 0.8138746624824398, 0.7304918590281755]
2022-01-27 15:36:04:INFO:-------------Training local models-------------
2022-01-27 15:38:33:INFO:-------------Aggregating local models-------------
2022-01-27 15:38:35:INFO:-------------Round number: 7-------------
2022-01-27 15:38:35:INFO:-------------Sending models-------------
2022-01-27 15:38:35:INFO:-------------Evaluating models-------------
2022-01-27 15:38:36:INFO:Average Global Accuracy and Loss for Each Task:
2022-01-27 15:38:36:INFO:Accuracy = [0.9502265458422174, 0.9504930703624733, 0.9500932835820896, 0.9497601279317697, 0.9501599147121536, 0.9500932835820896, 0.9498933901918977, 0.9502931769722814, 0.9503598081023454, 0.9493603411513859, 0.5671641791044776, 0.9497601279317697, 0.9497601279317697, 0.04997334754797441, 0.470682302771855, 0.949293710021322, 0.9494936034115139, 0.4348347547974414, 0.05023987206823028, 0.23647388059701493]
2022-01-27 15:38:36:INFO:Loss = [0.1854262259348965, 0.17588066551308118, 0.16818480955998796, 0.1750636434452216, 0.15509992200178283, 0.17663609498450514, 0.1750866617418643, 0.1701775814499284, 0.1732691257280101, 0.18767887027537042, 0.6903274355293401, 0.4158148116577091, 0.47651847319276347, 1.0798740099265631, 0.7036115431876134, 0.5484186309153465, 0.548770465226824, 0.6980762965460894, 0.8140861192809493, 0.7318211733135206]
2022-01-27 15:38:36:INFO:-------------Training local models-------------
2022-01-27 15:41:05:INFO:-------------Aggregating local models-------------
2022-01-27 15:41:07:INFO:-------------Round number: 8-------------
2022-01-27 15:41:07:INFO:-------------Sending models-------------
2022-01-27 15:41:07:INFO:-------------Evaluating models-------------
2022-01-27 15:41:08:INFO:Average Global Accuracy and Loss for Each Task:
2022-01-27 15:41:08:INFO:Accuracy = [0.9502265458422174, 0.9504930703624733, 0.9500932835820896, 0.9497601279317697, 0.9510261194029851, 0.9500932835820896, 0.9498933901918977, 0.9502931769722814, 0.9503598081023454, 0.9493603411513859, 0.5690964818763327, 0.9497601279317697, 0.9497601279317697, 0.04997334754797441, 0.47341417910447764, 0.949293710021322, 0.9494936034115139, 0.43310234541577824, 0.050506396588486144, 0.2371401918976546]
2022-01-27 15:41:08:INFO:Loss = [0.18443537899888734, 0.17556742077463988, 0.16639810567969945, 0.17467386916124406, 0.15257386471918558, 0.17618382577724787, 0.17454133625961404, 0.16976669748330603, 0.17298554713829858, 0.18658912263866237, 0.6899435581135025, 0.4153915584853876, 0.47527284545105086, 1.0833897540198842, 0.7034992002196976, 0.5484856533041513, 0.5476513214623814, 0.6981280346327563, 0.8143409312502153, 0.7331871179295882]
2022-01-27 15:41:08:INFO:-------------Training local models-------------
2022-01-27 15:43:37:INFO:-------------Aggregating local models-------------
2022-01-27 15:43:39:INFO:-------------Round number: 9-------------
2022-01-27 15:43:39:INFO:-------------Sending models-------------
2022-01-27 15:43:39:INFO:-------------Evaluating models-------------
2022-01-27 15:43:39:INFO:Average Global Accuracy and Loss for Each Task:
2022-01-27 15:43:39:INFO:Accuracy = [0.9502265458422174, 0.9504930703624733, 0.9513592750533049, 0.9497601279317697, 0.9520255863539445, 0.9500932835820896, 0.9498933901918977, 0.9502931769722814, 0.9503598081023454, 0.9493603411513859, 0.5734275053304904, 0.9497601279317697, 0.9497601279317697, 0.04997334754797441, 0.47574626865671643, 0.949293710021322, 0.9494936034115139, 0.4357009594882729, 0.050506396588486144, 0.23780650319829424]
2022-01-27 15:43:39:INFO:Loss = [0.1833362464762247, 0.17522486838081958, 0.16434492920386368, 0.17432624092015603, 0.15048862022760043, 0.17573399367386788, 0.17399449406183268, 0.16935947301873525, 0.1727198062345201, 0.1853535020880814, 0.6897098582261788, 0.4151193112003873, 0.4741997645774693, 1.0864102867906535, 0.7031100403700175, 0.5486538683268816, 0.5466810008332229, 0.6979223646914591, 0.8149423012807806, 0.7347922541661811]
2022-01-27 15:43:39:INFO:-------------Training local models-------------
2022-01-27 15:46:09:INFO:-------------Aggregating local models-------------
2022-01-27 15:46:10:INFO:-------------Round number: 10-------------
2022-01-27 15:46:10:INFO:-------------Sending models-------------
2022-01-27 15:46:11:INFO:-------------Evaluating models-------------
2022-01-27 15:46:11:INFO:Average Global Accuracy and Loss for Each Task:
2022-01-27 15:46:11:INFO:Accuracy = [0.9502265458422174, 0.9504930703624733, 0.9518923240938166, 0.9497601279317697, 0.9520922174840085, 0.9500932835820896, 0.9498933901918977, 0.9502931769722814, 0.9503598081023454, 0.9493603411513859, 0.574227078891258, 0.9497601279317697, 0.9497601279317697, 0.04997334754797441, 0.480477078891258, 0.949293710021322, 0.9494936034115139, 0.44076492537313433, 0.05063965884861407, 0.23827292110874201]
2022-01-27 15:46:11:INFO:Loss = [0.1821486509128559, 0.17489245755746632, 0.16221213578901836, 0.1739918043867079, 0.14877186490471714, 0.17526155211247885, 0.17342200542443684, 0.1689157471458712, 0.17247308191728156, 0.18397933681721865, 0.6895140096632593, 0.4148558967574033, 0.4734193810374974, 1.0890511706677963, 0.7025908376537026, 0.5489581903931238, 0.5459044250939638, 0.697427318155416, 0.8159209266662407, 0.7365394986228648]
2022-01-27 15:46:11:INFO:-------------Training local models-------------
2022-01-27 15:48:40:INFO:-------------Aggregating local models-------------
2022-01-27 15:48:42:INFO:-------------Round number: 11-------------
2022-01-27 15:48:42:INFO:-------------Sending models-------------
2022-01-27 15:48:42:INFO:-------------Evaluating models-------------
2022-01-27 15:48:43:INFO:Average Global Accuracy and Loss for Each Task:
2022-01-27 15:48:43:INFO:Accuracy = [0.9502265458422174, 0.9504930703624733, 0.9525586353944563, 0.9497601279317697, 0.9522921108742004, 0.9500932835820896, 0.9498933901918977, 0.9502931769722814, 0.9503598081023454, 0.9493603411513859, 0.5784914712153518, 0.9497601279317697, 0.9497601279317697, 0.04997334754797441, 0.4852078891257996, 0.9488272921108742, 0.9494936034115139, 0.44856076759061836, 0.05083955223880597, 0.23893923240938167]
2022-01-27 15:48:43:INFO:Loss = [0.18090573580725106, 0.17455110191476783, 0.1601082868054946, 0.17368759224839472, 0.1472131787809972, 0.17479465145524392, 0.1728445610473566, 0.168431739322655, 0.17222637375322744, 0.18248980383632946, 0.6891927734565443, 0.4146322287809747, 0.47281623960359453, 1.0913953829898255, 0.7020143072988624, 0.5494969856661203, 0.5452615996596338, 0.6968109072930714, 0.8172554684989551, 0.7385939882873599]
2022-01-27 15:48:43:INFO:-------------Training local models-------------
2022-01-27 15:51:12:INFO:-------------Aggregating local models-------------
2022-01-27 15:51:14:INFO:-------------Round number: 12-------------
2022-01-27 15:51:14:INFO:-------------Sending models-------------
2022-01-27 15:51:14:INFO:-------------Evaluating models-------------
2022-01-27 15:51:14:INFO:Average Global Accuracy and Loss for Each Task:
2022-01-27 15:51:14:INFO:Accuracy = [0.9502265458422174, 0.9504930703624733, 0.9531583155650319, 0.9497601279317697, 0.9524920042643923, 0.9500932835820896, 0.9498933901918977, 0.9502931769722814, 0.9503598081023454, 0.9493603411513859, 0.5832889125799574, 0.9497601279317697, 0.9497601279317697, 0.04997334754797441, 0.49033848614072495, 0.9484941364605544, 0.9494936034115139, 0.45982142857142855, 0.05077292110874201, 0.23707356076759062]
2022-01-27 15:51:14:INFO:Loss = [0.1796512040406414, 0.1742135005307941, 0.15807328898477543, 0.1733649599274576, 0.14567798523530887, 0.17429229387961853, 0.1722514066441324, 0.1678898279306115, 0.17196353789004903, 0.1809410953220091, 0.6886662000111108, 0.4144478133166713, 0.4722794238319084, 1.0935835662617612, 0.7012976064507578, 0.5501662235794418, 0.5447023083159982, 0.6961144080071815, 0.8189878435547291, 0.7410243944739545]
2022-01-27 15:51:14:INFO:-------------Training local models-------------
2022-01-27 15:53:44:INFO:-------------Aggregating local models-------------
2022-01-27 15:53:46:INFO:-------------Round number: 13-------------
2022-01-27 15:53:46:INFO:-------------Sending models-------------
2022-01-27 15:53:46:INFO:-------------Evaluating models-------------
2022-01-27 15:53:46:INFO:Average Global Accuracy and Loss for Each Task:
2022-01-27 15:53:46:INFO:Accuracy = [0.9502265458422174, 0.9504930703624733, 0.9532249466950959, 0.9497601279317697, 0.9525586353944563, 0.9500932835820896, 0.9498933901918977, 0.9502931769722814, 0.9503598081023454, 0.9493603411513859, 0.5870868869936035, 0.9497601279317697, 0.9497601279317697, 0.05003997867803838, 0.4976679104477612, 0.9479610874200426, 0.9494936034115139, 0.4703491471215352, 0.05063965884861407, 0.23387526652452026]
2022-01-27 15:53:46:INFO:Loss = [0.17840198366252433, 0.1738665992992797, 0.15612017329998695, 0.17307585617314827, 0.14416001651858748, 0.1737927292510351, 0.17164359025573775, 0.16728552081817658, 0.17166689560408077, 0.17939380970922536, 0.6879622457441745, 0.41434749858831166, 0.4717975656495992, 1.0958317067942767, 0.7005263120730294, 0.5508240064633871, 0.5442357476292325, 0.6952698566972701, 0.8209934981027519, 0.7435859922669145]
2022-01-27 15:53:46:INFO:-------------Training local models-------------
2022-01-27 15:56:15:INFO:-------------Aggregating local models-------------
2022-01-27 15:56:17:INFO:-------------Round number: 14-------------
2022-01-27 15:56:17:INFO:-------------Sending models-------------
2022-01-27 15:56:17:INFO:-------------Evaluating models-------------
2022-01-27 15:56:18:INFO:Average Global Accuracy and Loss for Each Task:
2022-01-27 15:56:18:INFO:Accuracy = [0.9502265458422174, 0.9504930703624733, 0.9532915778251599, 0.9497601279317697, 0.9529584221748401, 0.9500932835820896, 0.9498933901918977, 0.9502931769722814, 0.9503598081023454, 0.9490271855010661, 0.591817697228145, 0.9497601279317697, 0.9497601279317697, 0.05077292110874201, 0.5033315565031983, 0.9476945628997868, 0.9494936034115139, 0.48054371002132196, 0.05063965884861407, 0.22841151385927505]
2022-01-27 15:56:18:INFO:Loss = [0.17717695612433568, 0.17352159314420024, 0.15430386777250354, 0.1727833210709295, 0.14269864310162078, 0.17327961724088675, 0.17101927250953836, 0.16663346668293114, 0.17137988593338974, 0.17785392970249836, 0.6871355424073141, 0.4143751608863123, 0.47131286771781344, 1.0980986063795557, 0.6998115519780531, 0.5514207518637688, 0.5437246233479046, 0.694406349891062, 0.8233150763631757, 0.7461104059278139]
2022-01-27 15:56:18:INFO:-------------Training local models-------------
2022-01-27 15:58:47:INFO:-------------Aggregating local models-------------
2022-01-27 15:58:49:INFO:-------------Round number: 15-------------
2022-01-27 15:58:49:INFO:-------------Sending models-------------
2022-01-27 15:58:49:INFO:-------------Evaluating models-------------
2022-01-27 15:58:49:INFO:Average Global Accuracy and Loss for Each Task:
2022-01-27 15:58:49:INFO:Accuracy = [0.9502265458422174, 0.9504930703624733, 0.9535581023454158, 0.9497601279317697, 0.9531583155650319, 0.9500932835820896, 0.9498933901918977, 0.9502931769722814, 0.9503598081023454, 0.9486940298507462, 0.5941497867803838, 0.9497601279317697, 0.9497601279317697, 0.05183901918976546, 0.5111940298507462, 0.9474946695095949, 0.9494936034115139, 0.49087153518123666, 0.050906183368869935, 0.22288113006396587]
2022-01-27 15:58:49:INFO:Loss = [0.17598095049149295, 0.17315724615140685, 0.15261733211499495, 0.17251080758451706, 0.14134609015807245, 0.1727727900565997, 0.17039751522699748, 0.16592398180313203, 0.17107930184088285, 0.17634970829712907, 0.6863464275871449, 0.41456110450004274, 0.4708105284613428, 1.1002311915762897, 0.6991259023142077, 0.5520860129899816, 0.543175887495184, 0.6936226176904209, 0.8259649706214095, 0.7487090834652754]
2022-01-27 15:58:49:INFO:-------------Training local models-------------
2022-01-27 16:01:19:INFO:-------------Aggregating local models-------------
2022-01-27 16:01:21:INFO:-------------Round number: 16-------------
2022-01-27 16:01:21:INFO:-------------Sending models-------------
2022-01-27 16:01:21:INFO:-------------Evaluating models-------------
2022-01-27 16:01:21:INFO:Average Global Accuracy and Loss for Each Task:
2022-01-27 16:01:21:INFO:Accuracy = [0.9502265458422174, 0.9504930703624733, 0.9537579957356077, 0.9497601279317697, 0.9535581023454158, 0.9500932835820896, 0.9498933901918977, 0.9504930703624733, 0.9503598081023454, 0.949227078891258, 0.5982809168443497, 0.9497601279317697, 0.9497601279317697, 0.05397121535181237, 0.5181902985074627, 0.9469616204690832, 0.9494936034115139, 0.4986007462686567, 0.050906183368869935, 0.21595149253731344]
2022-01-27 16:01:21:INFO:Loss = [0.17481707660099075, 0.17277128513463572, 0.15102014287229953, 0.17223136533509353, 0.14013326379151503, 0.17228051574765715, 0.16980288381964317, 0.16518815860715333, 0.17077781798428238, 0.17488846925399038, 0.685545124093702, 0.4148024963552573, 0.47036651202411983, 1.1022810095917188, 0.6985241485072542, 0.5527478838677028, 0.5426849564994132, 0.6929330247591363, 0.8287850533133504, 0.7513213701196698]
2022-01-27 16:01:21:INFO:-------------Training local models-------------
2022-01-27 16:03:51:INFO:-------------Aggregating local models-------------
2022-01-27 16:03:52:INFO:-------------Round number: 17-------------
2022-01-27 16:03:52:INFO:-------------Sending models-------------
2022-01-27 16:03:52:INFO:-------------Evaluating models-------------
2022-01-27 16:03:53:INFO:Average Global Accuracy and Loss for Each Task:
2022-01-27 16:03:53:INFO:Accuracy = [0.9502265458422174, 0.9504930703624733, 0.9541577825159915, 0.9497601279317697, 0.9536247334754797, 0.9500932835820896, 0.9498267590618337, 0.9506929637526652, 0.9503598081023454, 0.9494269722814499, 0.5998800639658849, 0.9497601279317697, 0.9497601279317697, 0.05623667377398721, 0.5245202558635395, 0.9468283582089553, 0.9494936034115139, 0.505930170575693, 0.050906183368869935, 0.20968816631130063]
2022-01-27 16:03:53:INFO:Loss = [0.17370418720279954, 0.17237347812438483, 0.14946958975596372, 0.17194607121819533, 0.1390230950678444, 0.17181068725252488, 0.1692213355208626, 0.16442154408574028, 0.17046970123465338, 0.1734654065464804, 0.6847334793969385, 0.41508680052840824, 0.46995316073894183, 1.1041441151915965, 0.6980809196075206, 0.5534945987522412, 0.5422837070660043, 0.6923952040427339, 0.8317110384109495, 0.7540382654674208]
2022-01-27 16:03:53:INFO:-------------Training local models-------------
2022-01-27 16:06:23:INFO:-------------Aggregating local models-------------
2022-01-27 16:06:25:INFO:-------------Round number: 18-------------
2022-01-27 16:06:25:INFO:-------------Sending models-------------
2022-01-27 16:06:25:INFO:-------------Evaluating models-------------
2022-01-27 16:06:25:INFO:Average Global Accuracy and Loss for Each Task:
2022-01-27 16:06:25:INFO:Accuracy = [0.9502931769722814, 0.9504930703624733, 0.9542244136460555, 0.9497601279317697, 0.9536913646055437, 0.9500932835820896, 0.9499600213219617, 0.9508262260127932, 0.9503598081023454, 0.9498267590618337, 0.6026119402985075, 0.9497601279317697, 0.9497601279317697, 0.05910181236673774, 0.5280517057569296, 0.9460954157782516, 0.9494936034115139, 0.5108608742004265, 0.051106076759061835, 0.20229211087420043]
2022-01-27 16:06:25:INFO:Loss = [0.17265451129631146, 0.17195757877511425, 0.14795798571831953, 0.17166276308249925, 0.13802484564904147, 0.1713575320556633, 0.16866927365757534, 0.16365114026626612, 0.1701563118171614, 0.17206719168163995, 0.6839359751396151, 0.4153808540702343, 0.46954907014815095, 1.1058305115746792, 0.6977513388815973, 0.554348473081679, 0.5419490947954054, 0.6919798271647141, 0.8346812018016572, 0.7567595479839138]
2022-01-27 16:06:25:INFO:-------------Training local models-------------
2022-01-27 16:08:54:INFO:-------------Aggregating local models-------------
2022-01-27 16:08:56:INFO:-------------Round number: 19-------------
2022-01-27 16:08:56:INFO:-------------Sending models-------------
2022-01-27 16:08:56:INFO:-------------Evaluating models-------------
2022-01-27 16:08:57:INFO:Average Global Accuracy and Loss for Each Task:
2022-01-27 16:08:57:INFO:Accuracy = [0.9504264392324094, 0.9504930703624733, 0.9543576759061834, 0.9497601279317697, 0.9532915778251599, 0.9500932835820896, 0.9499600213219617, 0.9510261194029851, 0.9503598081023454, 0.9500266524520256, 0.6046108742004265, 0.9497601279317697, 0.9497601279317697, 0.061633795309168446, 0.5297841151385928, 0.9451625799573561, 0.9494936034115139, 0.5167910447761194, 0.05103944562899787, 0.19456289978678037]
2022-01-27 16:08:57:INFO:Loss = [0.1716747324246524, 0.17153875702583263, 0.14651583804826396, 0.17137316888502202, 0.13712912843148942, 0.17090482228070195, 0.16810668883872515, 0.16286609132131843, 0.16984285205775904, 0.170696379793093, 0.6831286937069855, 0.41572542948278984, 0.4691126132979671, 1.1075244450619988, 0.6975183212664972, 0.5552440947775584, 0.541674028537961, 0.6916818122770677, 0.837523016351849, 0.7593373831814286]
2022-01-27 16:08:57:INFO:-------------Training local models-------------
2022-01-27 16:11:26:INFO:-------------Aggregating local models-------------
2022-01-27 16:11:28:INFO:-------------Round number: 20-------------
2022-01-27 16:11:28:INFO:-------------Sending models-------------
2022-01-27 16:11:28:INFO:-------------Evaluating models-------------
2022-01-27 16:11:29:INFO:Average Global Accuracy and Loss for Each Task:
2022-01-27 16:11:29:INFO:Accuracy = [0.9503598081023454, 0.9504930703624733, 0.9540911513859275, 0.9497601279317697, 0.9532915778251599, 0.9500932835820896, 0.9501599147121536, 0.9510261194029851, 0.9503598081023454, 0.9505597014925373, 0.6088752665245203, 0.9497601279317697, 0.9497601279317697, 0.0650319829424307, 0.5307835820895522, 0.9440298507462687, 0.9494936034115139, 0.521655117270789, 0.0511727078891258, 0.1875]
2022-01-27 16:11:29:INFO:Loss = [0.17077769366562612, 0.17111509785079446, 0.1451517481635859, 0.1710882506015011, 0.13634733619565986, 0.17048139638974388, 0.16755985046105423, 0.1620666049691859, 0.16951065891641262, 0.1693574323717044, 0.6823870631328015, 0.41611768121817216, 0.4687383986159619, 1.1090658345122708, 0.6973508212810704, 0.5560948266181102, 0.5414587656484802, 0.6914358898671642, 0.8402150385558351, 0.7617358688130054]
2022-01-27 16:11:29:INFO:-------------Training local models-------------
2022-01-27 16:13:58:INFO:-------------Aggregating local models-------------
2022-01-27 16:14:00:INFO:-------------Round number: 21-------------
2022-01-27 16:14:00:INFO:-------------Sending models-------------
2022-01-27 16:14:00:INFO:-------------Evaluating models-------------
2022-01-27 16:14:00:INFO:Average Global Accuracy and Loss for Each Task:
2022-01-27 16:14:00:INFO:Accuracy = [0.9504264392324094, 0.9504930703624733, 0.9540911513859275, 0.9497601279317697, 0.9530250533049041, 0.9500932835820896, 0.9502265458422174, 0.951226012793177, 0.9503598081023454, 0.9508928571428571, 0.6131396588486141, 0.9497601279317697, 0.9497601279317697, 0.06929637526652452, 0.5318496801705757, 0.943296908315565, 0.9494936034115139, 0.5235207889125799, 0.05123933901918976, 0.1812366737739872]
2022-01-27 16:14:00:INFO:Loss = [0.16996475487107487, 0.1706889554754762, 0.14387419011179747, 0.1708044782243301, 0.13564368339027957, 0.1700769866511885, 0.16700838945100088, 0.1612733221720505, 0.1691369645052782, 0.16807515178668075, 0.6816412689350942, 0.41649556367088164, 0.46839563061655964, 1.110332212897379, 0.6971519859130385, 0.5569998551565193, 0.5412497442763752, 0.6913346151338775, 0.842836911931062, 0.7641122831003879]
2022-01-27 16:14:00:INFO:-------------Training local models-------------
2022-01-27 16:16:30:INFO:-------------Aggregating local models-------------
2022-01-27 16:16:32:INFO:-------------Round number: 22-------------
2022-01-27 16:16:32:INFO:-------------Sending models-------------
2022-01-27 16:16:32:INFO:-------------Evaluating models-------------
2022-01-27 16:16:33:INFO:Average Global Accuracy and Loss for Each Task:
2022-01-27 16:16:33:INFO:Accuracy = [0.9507595948827292, 0.9504930703624733, 0.9544243070362474, 0.9497601279317697, 0.9531583155650319, 0.9500932835820896, 0.9502931769722814, 0.9515591684434968, 0.9503598081023454, 0.9510927505330491, 0.6161380597014925, 0.9497601279317697, 0.9497601279317697, 0.07329424307036247, 0.53125, 0.9422308102345416, 0.9494936034115139, 0.525386460554371, 0.051505863539445626, 0.17450692963752665]
2022-01-27 16:16:33:INFO:Loss = [0.16921983276710295, 0.17025436519551823, 0.1426548873941138, 0.17051346826992658, 0.13501889115038537, 0.1696957287295207, 0.1664319738662784, 0.16046173669207198, 0.16875210496547843, 0.16684145667850336, 0.6809580610004633, 0.41687356472126585, 0.46807326507895614, 1.111359131838213, 0.6968955332671465, 0.5578882659155963, 0.5410983884103422, 0.69131829888264, 0.8452063320971119, 0.7664578624450957]
2022-01-27 16:16:33:INFO:-------------Training local models-------------
2022-01-27 16:19:02:INFO:-------------Aggregating local models-------------
2022-01-27 16:19:03:INFO:-------------Round number: 23-------------
2022-01-27 16:19:03:INFO:-------------Sending models-------------
2022-01-27 16:19:04:INFO:-------------Evaluating models-------------
2022-01-27 16:19:04:INFO:Average Global Accuracy and Loss for Each Task:
2022-01-27 16:19:04:INFO:Accuracy = [0.9508928571428571, 0.9504930703624733, 0.9552905117270789, 0.9497601279317697, 0.9534914712153518, 0.9500932835820896, 0.9506263326226013, 0.9518256929637526, 0.9503598081023454, 0.9514259061833689, 0.6188033049040512, 0.9497601279317697, 0.9497601279317697, 0.07595948827292111, 0.5307169509594882, 0.9418310234541578, 0.9494936034115139, 0.527318763326226, 0.051505863539445626, 0.16877665245202558]
2022-01-27 16:19:04:INFO:Loss = [0.16854910501641338, 0.16981298934923597, 0.14150145762552346, 0.17021680973012834, 0.1344675997346817, 0.16933305275592722, 0.16585324081452762, 0.15966975674473943, 0.16834320027174166, 0.16566967595565213, 0.6802900216139075, 0.41721024568766546, 0.46771283790087903, 1.1122393637641406, 0.6967525371372192, 0.558727258218647, 0.5409140759137775, 0.6913843935629579, 0.8474725279242181, 0.7686309324088954]
2022-01-27 16:19:04:INFO:-------------Training local models-------------
2022-01-27 16:21:33:INFO:-------------Aggregating local models-------------
2022-01-27 16:21:35:INFO:-------------Round number: 24-------------
2022-01-27 16:21:35:INFO:-------------Sending models-------------
2022-01-27 16:21:35:INFO:-------------Evaluating models-------------
2022-01-27 16:21:35:INFO:Average Global Accuracy and Loss for Each Task:
2022-01-27 16:21:35:INFO:Accuracy = [0.9507595948827292, 0.9504930703624733, 0.9552905117270789, 0.9497601279317697, 0.9536913646055437, 0.9500932835820896, 0.9509594882729211, 0.9516257995735607, 0.9503598081023454, 0.9514925373134329, 0.6215351812366737, 0.9497601279317697, 0.9497601279317697, 0.07915778251599147, 0.5298507462686567, 0.941297974413646, 0.9494936034115139, 0.5285181236673774, 0.051505863539445626, 0.16238006396588486]
2022-01-27 16:21:35:INFO:Loss = [0.16794391166665026, 0.16937544882862962, 0.14040622884717419, 0.16992235382271118, 0.1339954583759839, 0.16896452070094709, 0.16523384098184488, 0.15887816731592388, 0.1679236058483093, 0.16454472210206617, 0.6796332137591676, 0.41753406548050487, 0.46738657504240716, 1.1128464119790842, 0.6965575867108127, 0.5596084574054776, 0.54068381897708, 0.6914969071594954, 0.8496280934637798, 0.7709051977191717]
2022-01-27 16:21:35:INFO:-------------Training local models-------------
2022-01-27 16:24:04:INFO:-------------Aggregating local models-------------
2022-01-27 16:24:06:INFO:-------------Round number: 25-------------
2022-01-27 16:24:06:INFO:-------------Sending models-------------
2022-01-27 16:24:06:INFO:-------------Evaluating models-------------
2022-01-27 16:24:07:INFO:Average Global Accuracy and Loss for Each Task:
2022-01-27 16:24:07:INFO:Accuracy = [0.9508262260127932, 0.9504930703624733, 0.9557569296375267, 0.9497601279317697, 0.9539578891257996, 0.9500932835820896, 0.951226012793177, 0.9516257995735607, 0.9503598081023454, 0.9516257995735607, 0.6228011727078892, 0.9497601279317697, 0.9497601279317697, 0.0822228144989339, 0.529251066098081, 0.9403651385927505, 0.9494269722814499, 0.527518656716418, 0.05177238805970149, 0.15811567164179105]
2022-01-27 16:24:07:INFO:Loss = [0.16739408449698756, 0.1689392298744281, 0.13934882869646112, 0.16962624599770912, 0.13355895014323563, 0.16858960517537175, 0.1645797062969294, 0.15808566164093846, 0.16745356822906157, 0.16346465755027653, 0.6790382034067851, 0.4178368349426559, 0.46711559167930056, 1.1133554603880658, 0.6963216537423035, 0.5604630806334396, 0.540423794919605, 0.6916499772488371, 0.8516229275288358, 0.7732087916283529]
2022-01-27 16:24:07:INFO:-------------Training local models-------------
2022-01-27 16:26:36:INFO:-------------Aggregating local models-------------
2022-01-27 16:26:38:INFO:-------------Round number: 26-------------
2022-01-27 16:26:38:INFO:-------------Sending models-------------
2022-01-27 16:26:38:INFO:-------------Evaluating models-------------
2022-01-27 16:26:38:INFO:Average Global Accuracy and Loss for Each Task:
2022-01-27 16:26:38:INFO:Accuracy = [0.9508262260127932, 0.9507595948827292, 0.9560900852878464, 0.9497601279317697, 0.9540245202558635, 0.9500932835820896, 0.9513592750533049, 0.9514925373134329, 0.9503598081023454, 0.9520255863539445, 0.6248001066098081, 0.9497601279317697, 0.9497601279317697, 0.08428837953091685, 0.5283848614072495, 0.9390991471215352, 0.9493603411513859, 0.5267857142857143, 0.05203891257995735, 0.15485074626865672]
2022-01-27 16:26:38:INFO:Loss = [0.16688720707365595, 0.16851524358195413, 0.13831625382469565, 0.16932997618925721, 0.1331464801811203, 0.16821390657133656, 0.16389815248936207, 0.15729868877936637, 0.16695906344723246, 0.16242307494195904, 0.678540101032585, 0.4181340431361628, 0.46691410439307374, 1.1138667741945303, 0.6961718610307174, 0.5612626657573018, 0.5401519887081818, 0.6918784703836957, 0.8535181224576509, 0.7754078603415157]
2022-01-27 16:26:38:INFO:-------------Training local models-------------
2022-01-27 16:29:08:INFO:-------------Aggregating local models-------------
2022-01-27 16:29:09:INFO:-------------Round number: 27-------------
2022-01-27 16:29:09:INFO:-------------Sending models-------------
2022-01-27 16:29:10:INFO:-------------Evaluating models-------------
2022-01-27 16:29:10:INFO:Average Global Accuracy and Loss for Each Task:
2022-01-27 16:29:10:INFO:Accuracy = [0.9508262260127932, 0.9513592750533049, 0.9562899786780383, 0.9497601279317697, 0.9540245202558635, 0.9500932835820896, 0.9515591684434968, 0.9514259061833689, 0.9503598081023454, 0.9521588486140725, 0.6256663113006397, 0.9497601279317697, 0.9497601279317697, 0.08682036247334755, 0.5279184434968017, 0.9381663113006397, 0.9493603411513859, 0.5245202558635395, 0.05237206823027719, 0.1515858208955224]
2022-01-27 16:29:10:INFO:Loss = [0.16642033798756128, 0.1680965602473564, 0.13731563731587168, 0.16903196492139982, 0.13277271290145654, 0.16784291491180514, 0.16319145100736823, 0.15652790806941447, 0.16643393859699138, 0.1614098743196013, 0.6780318704717703, 0.41851350515167407, 0.46678795853752825, 1.1141652245638467, 0.6959780124363615, 0.5620373199278834, 0.5398543051668385, 0.6920761714087748, 0.8552705910978223, 0.7776382801605504]
2022-01-27 16:29:10:INFO:-------------Training local models-------------
2022-01-27 16:31:39:INFO:-------------Aggregating local models-------------
2022-01-27 16:31:41:INFO:-------------Round number: 28-------------
2022-01-27 16:31:41:INFO:-------------Sending models-------------
2022-01-27 16:31:41:INFO:-------------Evaluating models-------------
2022-01-27 16:31:41:INFO:Average Global Accuracy and Loss for Each Task:
2022-01-27 16:31:41:INFO:Accuracy = [0.9507595948827292, 0.9514925373134329, 0.9566231343283582, 0.9497601279317697, 0.9540245202558635, 0.9500932835820896, 0.9516924307036247, 0.9515591684434968, 0.9503598081023454, 0.9523587420042644, 0.6257995735607675, 0.9496934968017058, 0.9497601279317697, 0.08901918976545842, 0.5285181236673774, 0.9371668443496801, 0.9493603411513859, 0.5235207889125799, 0.052505330490405115, 0.1493869936034115]
2022-01-27 16:31:41:INFO:Loss = [0.16597765060226077, 0.1676848447370119, 0.1363236149177273, 0.16874453815503457, 0.13241373873689324, 0.16746233628570303, 0.1624844158995402, 0.15577438041666283, 0.16591384031783554, 0.1604376658370325, 0.6775631843559714, 0.41885398339623137, 0.4666335226388088, 1.1144113004096408, 0.6957541244473856, 0.5627425644916099, 0.5394795946538575, 0.692233767217474, 0.8569110229587568, 0.7797814631965686]
2022-01-27 16:31:41:INFO:-------------Training local models-------------
2022-01-27 16:34:10:INFO:-------------Aggregating local models-------------
2022-01-27 16:34:12:INFO:-------------Round number: 29-------------
2022-01-27 16:34:12:INFO:-------------Sending models-------------
2022-01-27 16:34:12:INFO:-------------Evaluating models-------------
2022-01-27 16:34:12:INFO:Average Global Accuracy and Loss for Each Task:
2022-01-27 16:34:12:INFO:Accuracy = [0.9506263326226013, 0.9516257995735607, 0.9568230277185501, 0.9497601279317697, 0.9544243070362474, 0.9500932835820896, 0.9517590618336887, 0.9515591684434968, 0.9502931769722814, 0.9523587420042644, 0.6258662046908315, 0.9496934968017058, 0.9497601279317697, 0.09135127931769722, 0.5288512793176973, 0.9357009594882729, 0.949293710021322, 0.5236540511727079, 0.052505330490405115, 0.14618869936034115]
2022-01-27 16:34:12:INFO:Loss = [0.16556016598562046, 0.16727463871272016, 0.13536480969803005, 0.16846299529017633, 0.13209472389170415, 0.16709082162450514, 0.16180342985681995, 0.1550579507909784, 0.1653806073355304, 0.15948841728017862, 0.6772200159990648, 0.4192289410353596, 0.46648757390852674, 1.1144451573332235, 0.6954092461385453, 0.5634220267997495, 0.5390846611820718, 0.6923623144038832, 0.8584059940805948, 0.7818466455443327]
2022-01-27 16:34:12:INFO:-------------Training local models-------------
2022-01-27 16:36:40:INFO:-------------Aggregating local models-------------
