2022-01-27 16:49:12:INFO:-------------Round number: 0-------------
2022-01-27 16:49:12:INFO:-------------Sending models-------------
2022-01-27 16:49:13:INFO:-------------Evaluating models-------------
2022-01-27 16:49:13:INFO:Average Global Accuracy and Loss for Each Task:
2022-01-27 16:49:13:INFO:Accuracy = [0.9498234157393216, 0.05004331312054375, 0.049776770840274535, 0.05010994869061105, 0.9282334910375158, 0.9294995668687945, 0.049776770840274535, 0.049976677550476446, 0.9500233224495236, 0.9500233224495236, 0.9501565935896582, 0.9500899580195908, 0.05144266009195709, 0.05017658426067835, 0.9496235090291197, 0.9514893049910041, 0.9482907976277737, 0.9484240687679083, 0.0484440594389285, 0.06197108016259079]
2022-01-27 16:49:13:INFO:Loss = [0.6620179385000442, 0.7292318667419875, 0.7217237916802665, 0.7380424793495632, 0.6905298738680745, 0.6896702974047724, 0.7451374811041702, 0.7046559492768172, 0.6838149047194978, 0.6311862981159762, 0.61994206312774, 0.652741212605588, 0.71153980465743, 0.7153872800253055, 0.6259664737456182, 0.6572316324416139, 0.6178551097693716, 0.6187164109067929, 0.7692889844846176, 0.6962701599952373]
2022-01-27 16:49:13:INFO:-------------Training local models-------------
2022-01-27 16:51:42:INFO:-------------Aggregating local models-------------
2022-01-27 16:51:44:INFO:-------------Round number: 1-------------
2022-01-27 16:51:44:INFO:-------------Sending models-------------
2022-01-27 16:51:44:INFO:-------------Evaluating models-------------
2022-01-27 16:51:45:INFO:Average Global Accuracy and Loss for Each Task:
2022-01-27 16:51:45:INFO:Accuracy = [0.9508229492903312, 0.9647497834343973, 0.961151462650763, 0.9464250016658893, 0.9515559405610715, 0.949890051309389, 0.9753448390750983, 0.9481575264876391, 0.9520223895515426, 0.9864729792763377, 0.3823549010461785, 0.9500899580195908, 0.9458252815352836, 0.050576397681082165, 0.4560538415406144, 0.9513560338508696, 0.9029786099820084, 0.5773305790631039, 0.10621709868727927, 0.2841340707669754]
2022-01-27 16:51:45:INFO:Loss = [0.1350657283750166, 0.14267595668225347, 0.1288617552894988, 0.17723939701858438, 0.14981691216225934, 0.1638456080253479, 0.12818060514198207, 0.16922045831543778, 0.1464572497946069, 0.09717902148400251, 0.7043715666992212, 0.4417796310342954, 0.5066110895306295, 1.0280988059117282, 0.6864449470716957, 0.5623661026814367, 0.568045481371198, 0.6919867194111154, 0.8036945216492253, 0.7285706528564309]
2022-01-27 16:51:45:INFO:-------------Training local models-------------
2022-01-27 16:55:01:INFO:-------------Aggregating local models-------------
2022-01-27 16:55:05:INFO:-------------Round number: 2-------------
2022-01-27 16:55:05:INFO:-------------Sending models-------------
2022-01-27 16:55:05:INFO:-------------Evaluating models-------------
2022-01-27 16:55:05:INFO:Average Global Accuracy and Loss for Each Task:
2022-01-27 16:55:05:INFO:Accuracy = [0.958086226427667, 0.9663490371160125, 0.9610848270806956, 0.946824815086293, 0.9572199640167922, 0.9514226694209369, 0.977943626307723, 0.9498234157393216, 0.9520223895515426, 0.9864729792763377, 0.2494835743319784, 0.9500899580195908, 0.94789098420737, 0.050443126540947555, 0.39015126274405276, 0.9514226694209369, 0.8974478576664223, 0.461051509295662, 0.11494635836609582, 0.25301525954554543]
2022-01-27 16:55:05:INFO:Loss = [0.09863390648153449, 0.08638646493184853, 0.08244836214319654, 0.1343364946716943, 0.11016562116573948, 0.11723073823558082, 0.0653098005224723, 0.11283279654944513, 0.10191402020396262, 0.05184546530300354, 0.7272726583347383, 0.3962624042326632, 0.45784646671426965, 1.132519029141934, 0.7028836396057935, 0.5387058369604348, 0.5591575452808283, 0.7081037171320554, 0.8116206859989424, 0.7443278815487824]
2022-01-27 16:55:05:INFO:-------------Training local models-------------
2022-01-27 16:57:44:INFO:-------------Aggregating local models-------------
2022-01-27 16:57:46:INFO:-------------Round number: 3-------------
2022-01-27 16:57:46:INFO:-------------Sending models-------------
2022-01-27 16:57:46:INFO:-------------Evaluating models-------------
2022-01-27 16:57:46:INFO:Average Global Accuracy and Loss for Each Task:
2022-01-27 16:57:46:INFO:Accuracy = [0.958086226427667, 0.9676151129472913, 0.9658825881255414, 0.9481575264876391, 0.9626174451922436, 0.953888185513427, 0.9786766175784634, 0.9552875324848404, 0.9530219231025522, 0.9864729792763377, 0.2214299993336443, 0.9500899580195908, 0.9482241620577064, 0.05017658426067835, 0.39115079629506233, 0.9514226694209369, 0.8909175717998268, 0.4423935496768175, 0.11767841673885521, 0.23035916572266277]
2022-01-27 16:57:46:INFO:Loss = [0.09062707605268885, 0.07668654786453351, 0.07115014913094757, 0.12647255199658422, 0.09595745419039722, 0.10915867949059223, 0.05550631226302375, 0.0995436324035223, 0.09447474097133164, 0.043947759688736106, 0.7355556921677086, 0.3820069947757163, 0.4403067017754176, 1.1732089123632474, 0.7082849545411142, 0.5297407012177378, 0.5561444495602357, 0.7123544931117831, 0.8155615332641838, 0.7515617690167707]
2022-01-27 16:57:46:INFO:-------------Training local models-------------
2022-01-27 17:00:28:INFO:-------------Aggregating local models-------------
2022-01-27 17:00:30:INFO:-------------Round number: 4-------------
2022-01-27 17:00:30:INFO:-------------Sending models-------------
2022-01-27 17:00:30:INFO:-------------Evaluating models-------------
2022-01-27 17:00:30:INFO:Average Global Accuracy and Loss for Each Task:
2022-01-27 17:00:30:INFO:Accuracy = [0.9622176317718398, 0.9676151129472913, 0.97307922969281, 0.9498234157393216, 0.964016792163657, 0.9564869727460519, 0.9805424135403479, 0.9614846405010995, 0.9596854801092823, 0.9864729792763377, 0.21276737522489506, 0.9500899580195908, 0.9484907043379757, 0.05017658426067835, 0.39281668554674487, 0.9514226694209369, 0.8864529886053175, 0.4468581328713267, 0.10928233491037516, 0.21676550942893316]
2022-01-27 17:00:30:INFO:Loss = [0.08477298874118765, 0.07324973246088062, 0.06385189733478655, 0.12366590568050438, 0.08762181557554764, 0.1061423688729417, 0.05230505951613871, 0.09188199626633609, 0.09161143069772507, 0.04132858865251661, 0.7398010233840769, 0.3743107919770205, 0.42990670549628845, 1.1968770313129486, 0.710459899447971, 0.5241035661155159, 0.5537422338805081, 0.7151445320765135, 0.8195631911485003, 0.7548998814202041]
2022-01-27 17:00:30:INFO:-------------Training local models-------------
2022-01-27 17:03:19:INFO:-------------Aggregating local models-------------
2022-01-27 17:03:21:INFO:-------------Round number: 5-------------
2022-01-27 17:03:21:INFO:-------------Sending models-------------
2022-01-27 17:03:21:INFO:-------------Evaluating models-------------
2022-01-27 17:03:21:INFO:Average Global Accuracy and Loss for Each Task:
2022-01-27 17:03:21:INFO:Accuracy = [0.9716798827213967, 0.9676151129472913, 0.972412873992137, 0.949890051309389, 0.9688145532085027, 0.9591523955487439, 0.9814086759512227, 0.9602185646698207, 0.9634170720330513, 0.9864729792763377, 0.20936896115146264, 0.9500899580195908, 0.9484907043379757, 0.05017658426067835, 0.3934830412474179, 0.9514226694209369, 0.8815885919904045, 0.44425934563870195, 0.08842540147930966, 0.20810288532018392]
2022-01-27 17:03:21:INFO:Loss = [0.0775857913430172, 0.07122380625145625, 0.06204507053042539, 0.12198636067606847, 0.0819752164539413, 0.10429399725026044, 0.050537471889034666, 0.09025418852977164, 0.08897352793289627, 0.039958803233143166, 0.7422593203480305, 0.368550305268969, 0.4220881577100332, 1.2116972098918015, 0.7122604431961922, 0.5192425877119974, 0.5515603901957531, 0.7172393469606495, 0.8242371509233559, 0.7567487822395897]
2022-01-27 17:03:21:INFO:-------------Training local models-------------
2022-01-27 17:06:02:INFO:-------------Aggregating local models-------------
2022-01-27 17:06:04:INFO:-------------Round number: 6-------------
2022-01-27 17:06:04:INFO:-------------Sending models-------------
2022-01-27 17:06:04:INFO:-------------Evaluating models-------------
2022-01-27 17:06:05:INFO:Average Global Accuracy and Loss for Each Task:
2022-01-27 17:06:05:INFO:Accuracy = [0.9755447457853001, 0.9676151129472913, 0.9706137136003199, 0.949890051309389, 0.9742120343839542, 0.9598853868194842, 0.9814086759512227, 0.9585526754181382, 0.9642833344439262, 0.9864729792763377, 0.2076364363297128, 0.9500899580195908, 0.9485573399080429, 0.05017658426067835, 0.3944159392283601, 0.9514226694209369, 0.8771906443659625, 0.4317984940361165, 0.07836343039914706, 0.19990671020190579]
2022-01-27 17:06:05:INFO:Loss = [0.07090013887074703, 0.06962641030709961, 0.06518795675700258, 0.12061878075736336, 0.07692114596497993, 0.10262750826586732, 0.04916661923108131, 0.09393024766598729, 0.08596543063595424, 0.0389810364291981, 0.7433402716752062, 0.3641178693403654, 0.4166018861063143, 1.2245943847833423, 0.7139040702381625, 0.5154439885539885, 0.5502435671796231, 0.719431773698917, 0.8289382699416544, 0.758795238473775]
2022-01-27 17:06:05:INFO:-------------Training local models-------------
2022-01-27 17:08:52:INFO:-------------Aggregating local models-------------
2022-01-27 17:08:54:INFO:-------------Round number: 7-------------
2022-01-27 17:08:54:INFO:-------------Sending models-------------
2022-01-27 17:08:54:INFO:-------------Evaluating models-------------
2022-01-27 17:08:54:INFO:Average Global Accuracy and Loss for Each Task:
2022-01-27 17:08:54:INFO:Accuracy = [0.9768774571866462, 0.9676151129472913, 0.9695475444792431, 0.9502232291597255, 0.9755447457853001, 0.959818751249417, 0.9814086759512227, 0.9572865995868595, 0.9645498767241953, 0.9864729792763377, 0.20856933431065502, 0.9500899580195908, 0.9485573399080429, 0.05017658426067835, 0.39674818418071567, 0.9510894915706004, 0.8737255947224628, 0.4184713800226561, 0.07423202505497435, 0.19077763710268542]
2022-01-27 17:08:54:INFO:Loss = [0.06623592953495744, 0.06814211511561007, 0.06836746766904264, 0.11932568404518218, 0.0722523052682702, 0.10081036944569487, 0.04787990420094186, 0.0974651236053758, 0.08345503573532428, 0.038143108484922, 0.7434736018242172, 0.36050540938235665, 0.4123129207828802, 1.2368698688599415, 0.7149635018379801, 0.5128028818031389, 0.5497094060675312, 0.7223485679758964, 0.8324583451339753, 0.7613996029011356]
2022-01-27 17:08:54:INFO:-------------Training local models-------------
2022-01-27 17:11:41:INFO:-------------Aggregating local models-------------
2022-01-27 17:11:43:INFO:-------------Round number: 8-------------
2022-01-27 17:11:43:INFO:-------------Sending models-------------
2022-01-27 17:11:43:INFO:-------------Evaluating models-------------
2022-01-27 17:11:44:INFO:Average Global Accuracy and Loss for Each Task:
2022-01-27 17:11:44:INFO:Accuracy = [0.9776770840274539, 0.9676151129472913, 0.9702805357499833, 0.9507563137202639, 0.9764110081961751, 0.9601519290997534, 0.9814086759512227, 0.9583527687079363, 0.9642166988738589, 0.9864729792763377, 0.21310055307523157, 0.9500899580195908, 0.9485573399080429, 0.05024321983074565, 0.39934697141334047, 0.9508229492903312, 0.8716598920503765, 0.412274272006397, 0.07376557606450324, 0.18491370693676284]
2022-01-27 17:11:44:INFO:Loss = [0.06290046024811365, 0.06663455178207658, 0.07030153842023591, 0.1180090010055218, 0.06840664946152653, 0.09878944797242689, 0.04653414907463075, 0.0994536541056418, 0.08152398498157895, 0.03735272006349017, 0.7436317920867517, 0.3576102687624696, 0.40878334051050097, 1.2481239979372134, 0.7153121187211576, 0.5111668035025567, 0.5495249624492851, 0.724909435430167, 0.8349339461719012, 0.7637946015712763]
2022-01-27 17:11:44:INFO:-------------Training local models-------------
2022-01-27 17:14:23:INFO:-------------Aggregating local models-------------
2022-01-27 17:14:25:INFO:-------------Round number: 9-------------
2022-01-27 17:14:25:INFO:-------------Sending models-------------
2022-01-27 17:14:25:INFO:-------------Evaluating models-------------
2022-01-27 17:14:26:INFO:Average Global Accuracy and Loss for Each Task:
2022-01-27 17:14:26:INFO:Accuracy = [0.978143533017925, 0.9676151129472913, 0.971746518291464, 0.9514893049910041, 0.9769440927567136, 0.9602852002398881, 0.9832744719131072, 0.959818751249417, 0.9644166055840607, 0.9864729792763377, 0.22249616845472114, 0.9500899580195908, 0.9485573399080429, 0.05024321983074565, 0.4008129539548211, 0.9502232291597255, 0.8712600786299727, 0.40667688412074365, 0.07469847404544545, 0.18138202172319584]
2022-01-27 17:14:26:INFO:Loss = [0.06051407036411875, 0.06500537330512511, 0.07102704493572469, 0.11666077266493224, 0.06539869609951446, 0.09671097070248492, 0.04505988597235348, 0.10001514463155056, 0.0798603876271996, 0.036593503225238695, 0.7438586277123524, 0.3553876617383836, 0.4060168164122102, 1.2583048993522643, 0.7153975571418035, 0.5100554898981966, 0.5493245771622812, 0.7270144318139409, 0.836692468846131, 0.7660492573102484]
2022-01-27 17:14:26:INFO:-------------Training local models-------------
2022-01-27 17:17:05:INFO:-------------Aggregating local models-------------
2022-01-27 17:17:06:INFO:-------------Round number: 10-------------
2022-01-27 17:17:06:INFO:-------------Sending models-------------
2022-01-27 17:17:07:INFO:-------------Evaluating models-------------
2022-01-27 17:17:07:INFO:Average Global Accuracy and Loss for Each Task:
2022-01-27 17:17:07:INFO:Accuracy = [0.978809888718598, 0.9700139934697142, 0.9726127807023389, 0.9524222029719465, 0.97727727060705, 0.9604184713800227, 0.9846071833144533, 0.9604851069500899, 0.9648164190044646, 0.9864729792763377, 0.2290264543213167, 0.9500899580195908, 0.9485573399080429, 0.05030985540081295, 0.4028786566269074, 0.9492236956087159, 0.8704604517891651, 0.39868061571266744, 0.08049576864130073, 0.17931631905110948]
2022-01-27 17:17:07:INFO:Loss = [0.058788942667125345, 0.06321688472233461, 0.07169923104512897, 0.11530947911660366, 0.06310395275616161, 0.09480284812504382, 0.04350084622195415, 0.10061935213062725, 0.07824973573818705, 0.0358826000163881, 0.7441173351374204, 0.3535367640680751, 0.40368608906075726, 1.2673475585057223, 0.7153421391245763, 0.5091381178091596, 0.5490420680340947, 0.7287872725112327, 0.8380203043357229, 0.7682298497085434]
2022-01-27 17:17:07:INFO:-------------Training local models-------------
2022-01-27 17:19:46:INFO:-------------Aggregating local models-------------
2022-01-27 17:19:48:INFO:-------------Round number: 11-------------
2022-01-27 17:19:48:INFO:-------------Sending models-------------
2022-01-27 17:19:48:INFO:-------------Evaluating models-------------
2022-01-27 17:19:48:INFO:Average Global Accuracy and Loss for Each Task:
2022-01-27 17:19:48:INFO:Accuracy = [0.9795428799893383, 0.9734124075431465, 0.9734790431132139, 0.9536882788032252, 0.9774771773172519, 0.960951555940561, 0.985206903445059, 0.960951555940561, 0.9647497834343973, 0.9864729792763377, 0.23422402878656626, 0.9500899580195908, 0.9485573399080429, 0.050443126540947555, 0.405210901579263, 0.948357433197841, 0.8703938162190977, 0.3913507030052642, 0.08849203704937696, 0.17951622576131138]
2022-01-27 17:19:48:INFO:Loss = [0.057519048984430325, 0.06134652999477241, 0.07101837659813827, 0.11399140426540724, 0.06122832135420546, 0.09311468686546352, 0.041994535005843873, 0.10005526469339299, 0.07647243900314579, 0.03523465970221737, 0.7445832211624784, 0.3520079282856944, 0.4018018092306512, 1.2753964237768995, 0.7154386273356323, 0.5085264322814438, 0.5486273498619993, 0.7303750645576569, 0.8388179345698727, 0.7700668583904758]
2022-01-27 17:19:48:INFO:-------------Training local models-------------
2022-01-27 17:22:32:INFO:-------------Aggregating local models-------------
2022-01-27 17:22:34:INFO:-------------Round number: 12-------------
2022-01-27 17:22:34:INFO:-------------Sending models-------------
2022-01-27 17:22:34:INFO:-------------Evaluating models-------------
2022-01-27 17:22:34:INFO:Average Global Accuracy and Loss for Each Task:
2022-01-27 17:22:34:INFO:Accuracy = [0.9792097021390018, 0.9760778303458386, 0.9747451189444926, 0.9555540747651096, 0.9778769907376558, 0.961817818351436, 0.9856067168654628, 0.9622176317718398, 0.9671486639568202, 0.9864729792763377, 0.23588991803824882, 0.9500899580195908, 0.9485573399080429, 0.05097621110148597, 0.4069434264010129, 0.9477577130672353, 0.8702605450789631, 0.38568667954954355, 0.10308522689411607, 0.1797161324715133]
2022-01-27 17:22:34:INFO:Loss = [0.05666116505483831, 0.059500292543494926, 0.06864558477979917, 0.11273531620616609, 0.05965669340088094, 0.09149769878369335, 0.040678134306462055, 0.09780390446336316, 0.07434112181821916, 0.03465064144416124, 0.7454255326580476, 0.35063212529195176, 0.3998959290498323, 1.2832278601054214, 0.7158277543466318, 0.5081553772005479, 0.5480362579515442, 0.7315640897700652, 0.8394522066356864, 0.771435607660855]
2022-01-27 17:22:34:INFO:-------------Training local models-------------
2022-01-27 17:25:12:INFO:-------------Aggregating local models-------------
2022-01-27 17:25:14:INFO:-------------Round number: 13-------------
2022-01-27 17:25:14:INFO:-------------Sending models-------------
2022-01-27 17:25:14:INFO:-------------Evaluating models-------------
2022-01-27 17:25:15:INFO:Average Global Accuracy and Loss for Each Task:
2022-01-27 17:25:15:INFO:Accuracy = [0.9790764309988672, 0.9776104484573865, 0.9757446524955021, 0.9558206170453788, 0.9782768041580596, 0.9624841740521091, 0.9862064369960685, 0.9636836143133205, 0.9693476377690411, 0.9864729792763377, 0.23655627373892182, 0.9500899580195908, 0.9484907043379757, 0.05164256680215899, 0.40914240021323384, 0.9472246285066969, 0.870660358499367, 0.3806890117944959, 0.11854467914973013, 0.17898314120077297]
2022-01-27 17:25:15:INFO:Loss = [0.056096195018098254, 0.05776970678526527, 0.06655895884665734, 0.11151978475247519, 0.05832655734495502, 0.08998337594294167, 0.03958386275032269, 0.0956346535201164, 0.07192549939534902, 0.0341094076049003, 0.7463583992340503, 0.3493509369972998, 0.39798702527277713, 1.2908107569925138, 0.7162412703335146, 0.5079353310213961, 0.5473825353633843, 0.7324484265596518, 0.8402102695177404, 0.7723833603171669]
2022-01-27 17:25:15:INFO:-------------Training local models-------------
2022-01-27 17:27:54:INFO:-------------Aggregating local models-------------
2022-01-27 17:28:00:INFO:-------------Round number: 14-------------
2022-01-27 17:28:00:INFO:-------------Sending models-------------
2022-01-27 17:28:01:INFO:-------------Evaluating models-------------
2022-01-27 17:28:01:INFO:Average Global Accuracy and Loss for Each Task:
2022-01-27 17:28:01:INFO:Accuracy = [0.9790764309988672, 0.9784100752981941, 0.9768774571866462, 0.9565536083161191, 0.9785433464383287, 0.9637502498833878, 0.9866728859865396, 0.9642833344439262, 0.9704804424601853, 0.9864729792763377, 0.23682281601919106, 0.9500899580195908, 0.9484240687679083, 0.05250882921303392, 0.411607916305724, 0.9472912640767642, 0.8709935363497034, 0.37595788631971744, 0.1349370293862864, 0.17778370093956153]
2022-01-27 17:28:01:INFO:Loss = [0.055681686580342594, 0.05608853806289361, 0.06516284160189525, 0.11027421460314264, 0.057166281299265105, 0.08853247720565414, 0.03863376847019896, 0.09401849663827218, 0.06964505425582565, 0.03357123111240799, 0.7474199970478521, 0.3479602218524218, 0.39587151161626805, 1.2986546028357022, 0.7166532896031639, 0.5077931725336216, 0.5466153878827094, 0.733217274033746, 0.8408330182625006, 0.7732495345463718]
2022-01-27 17:28:01:INFO:-------------Training local models-------------
2022-01-27 17:30:39:INFO:-------------Aggregating local models-------------
2022-01-27 17:30:41:INFO:-------------Round number: 15-------------
2022-01-27 17:30:41:INFO:-------------Sending models-------------
2022-01-27 17:30:41:INFO:-------------Evaluating models-------------
2022-01-27 17:30:42:INFO:Average Global Accuracy and Loss for Each Task:
2022-01-27 17:30:42:INFO:Accuracy = [0.9791430665689345, 0.9786766175784634, 0.9776770840274539, 0.956753515026321, 0.9792763377090691, 0.9636836143133205, 0.9868061571266742, 0.9651495968548011, 0.9722796028520024, 0.9864729792763377, 0.23802225628040247, 0.9500899580195908, 0.9484907043379757, 0.05297527820350503, 0.4138735256880123, 0.946824815086293, 0.8713933497701073, 0.37155993869527554, 0.14773105883920837, 0.17605117611781168]
2022-01-27 17:30:42:INFO:Loss = [0.05529828466901917, 0.05442214800859026, 0.06333801214901454, 0.10896127219340382, 0.05616785131508726, 0.08725480935838748, 0.037837995707647856, 0.0918359979144264, 0.06783230701556087, 0.03302360671801514, 0.7483964023404526, 0.346652022081776, 0.3938100816364362, 1.3063640721381096, 0.7170576832018345, 0.5077189283653127, 0.5457080676759466, 0.7339727240105397, 0.8413488378989956, 0.7741014030571185]
2022-01-27 17:30:42:INFO:-------------Training local models-------------
2022-01-27 17:33:20:INFO:-------------Aggregating local models-------------
2022-01-27 17:33:21:INFO:-------------Round number: 16-------------
2022-01-27 17:33:21:INFO:-------------Sending models-------------
2022-01-27 17:33:22:INFO:-------------Evaluating models-------------
2022-01-27 17:33:22:INFO:Average Global Accuracy and Loss for Each Task:
2022-01-27 17:33:22:INFO:Accuracy = [0.9789431598587326, 0.9796761511294729, 0.977943626307723, 0.9576864130072633, 0.9796761511294729, 0.9645498767241953, 0.9866728859865396, 0.9654827747051375, 0.9732125008329446, 0.9864729792763377, 0.23815552742053708, 0.9500899580195908, 0.9484907043379757, 0.05317518491370694, 0.4159392283600986, 0.9460918238155528, 0.8716598920503765, 0.36849470247217964, 0.15466115812620776, 0.17551809155727327]
2022-01-27 17:33:22:INFO:Loss = [0.054980524967519574, 0.05277031899617261, 0.0618071110682812, 0.10756597873493028, 0.0553295126838708, 0.08609503934258118, 0.03718632030579896, 0.0899865989273135, 0.06648534527404708, 0.0324412269927791, 0.7495929297905517, 0.3452755811799174, 0.3916709023284715, 1.3136489998295773, 0.7176021173732416, 0.5075492778596994, 0.544738980971449, 0.7347119683117427, 0.8418372219190485, 0.7751074279221289]
2022-01-27 17:33:22:INFO:-------------Training local models-------------
2022-01-27 17:36:06:INFO:-------------Aggregating local models-------------
2022-01-27 17:36:08:INFO:-------------Round number: 17-------------
2022-01-27 17:36:08:INFO:-------------Sending models-------------
2022-01-27 17:36:08:INFO:-------------Evaluating models-------------
2022-01-27 17:36:09:INFO:Average Global Accuracy and Loss for Each Task:
2022-01-27 17:36:09:INFO:Accuracy = [0.9791430665689345, 0.9804091424002133, 0.9787432531485307, 0.9580195908575998, 0.9800093289798094, 0.9652162324248684, 0.9869394282668088, 0.9663490371160125, 0.9738788565336176, 0.9866062504164723, 0.2388218831212101, 0.9500899580195908, 0.9484907043379757, 0.05344172719397614, 0.41680549077097356, 0.9456253748250816, 0.8718597987605784, 0.3668288132204971, 0.16025854601186112, 0.1766508962484174]
2022-01-27 17:36:09:INFO:Loss = [0.0547534927234122, 0.05120756370169252, 0.0606953437319142, 0.10612808383718124, 0.05465778760495565, 0.08498012824945732, 0.036662789630416866, 0.08845942488308711, 0.06545831878138877, 0.03182272964575874, 0.7506440093922903, 0.343945930782114, 0.3896712487540033, 1.3201647700368664, 0.7179714275516945, 0.507455101659076, 0.5437891908606103, 0.7352830052788859, 0.8420642756435534, 0.7760129073534083]
2022-01-27 17:36:09:INFO:-------------Training local models-------------
2022-01-27 17:38:46:INFO:-------------Aggregating local models-------------
2022-01-27 17:38:48:INFO:-------------Round number: 18-------------
2022-01-27 17:38:48:INFO:-------------Sending models-------------
2022-01-27 17:38:48:INFO:-------------Evaluating models-------------
2022-01-27 17:38:49:INFO:Average Global Accuracy and Loss for Each Task:
2022-01-27 17:38:49:INFO:Accuracy = [0.978809888718598, 0.9811421336709536, 0.9794096088492037, 0.9588192176984074, 0.9804757779702805, 0.965349503565003, 0.987205970547078, 0.9675484773772239, 0.9744119410941561, 0.9869394282668088, 0.23775571400013326, 0.9500233224495236, 0.9484907043379757, 0.053774905044312656, 0.4178716598920504, 0.9444259345638701, 0.8727260611714533, 0.3668288132204971, 0.16518957819684146, 0.17951622576131138]
2022-01-27 17:38:49:INFO:Loss = [0.05457175181131094, 0.049786942089570935, 0.05985051232538179, 0.10466965859756919, 0.054086406440633276, 0.08401427507339755, 0.036256723366160495, 0.0871803885350553, 0.06460125125295535, 0.03116616517453403, 0.7518461704802257, 0.3426578880307628, 0.38780677948101633, 1.3260311880920033, 0.71845863917297, 0.5073734690905205, 0.5428691238607756, 0.7359090574523106, 0.8420403706937672, 0.7768656466631121]
2022-01-27 17:38:49:INFO:-------------Training local models-------------
2022-01-27 17:41:27:INFO:-------------Aggregating local models-------------
2022-01-27 17:41:29:INFO:-------------Round number: 19-------------
2022-01-27 17:41:29:INFO:-------------Sending models-------------
2022-01-27 17:41:29:INFO:-------------Evaluating models-------------
2022-01-27 17:41:30:INFO:Average Global Accuracy and Loss for Each Task:
2022-01-27 17:41:30:INFO:Accuracy = [0.9790764309988672, 0.9814753115212901, 0.9795428799893383, 0.9593523022589459, 0.980808955820617, 0.9659492236956088, 0.9874725128273473, 0.9684147397880989, 0.9749450256546944, 0.987205970547078, 0.23782234957020057, 0.9499566868794562, 0.9484240687679083, 0.053774905044312656, 0.41960418471380023, 0.9433597654427933, 0.8736589591523956, 0.366362364230026, 0.17138668621310055, 0.18158192843339774]
2022-01-27 17:41:30:INFO:Loss = [0.05436715183266354, 0.048539922557144476, 0.05891407470214528, 0.10326441627731142, 0.0536245045371139, 0.08320245981048378, 0.03593494759012392, 0.08592802798891064, 0.0638290133941757, 0.030467404317039766, 0.7531533464168798, 0.3413975032028688, 0.38601796742186856, 1.331596527290573, 0.7190678098291197, 0.5072345025313642, 0.541958853780147, 0.7365040651857635, 0.8417437343274268, 0.7778050254804746]
2022-01-27 17:41:30:INFO:-------------Training local models-------------
2022-01-27 17:44:14:INFO:-------------Aggregating local models-------------
2022-01-27 17:44:16:INFO:-------------Round number: 20-------------
2022-01-27 17:44:16:INFO:-------------Sending models-------------
2022-01-27 17:44:16:INFO:-------------Evaluating models-------------
2022-01-27 17:44:16:INFO:Average Global Accuracy and Loss for Each Task:
2022-01-27 17:44:16:INFO:Accuracy = [0.9791430665689345, 0.9817418538015593, 0.9800759645498768, 0.959818751249417, 0.9806756846804825, 0.9662824015459452, 0.9874725128273473, 0.9685480109282335, 0.9753448390750983, 0.9874058772572799, 0.23755580728993136, 0.949890051309389, 0.9484240687679083, 0.053774905044312656, 0.4214033451056174, 0.9424935030319185, 0.8749250349836742, 0.3636969414273339, 0.1763843539681482, 0.1835143599653495]
2022-01-27 17:44:16:INFO:Loss = [0.05419235872648189, 0.0475333903375626, 0.05791363710872157, 0.10192228566552783, 0.053242842617925404, 0.08250032379886052, 0.03570230287626328, 0.08463177897314075, 0.06314215193567843, 0.029724558083118108, 0.7544282231934901, 0.3402755792260353, 0.3843601686795468, 1.3366589683150916, 0.7196810655998359, 0.5071426319942537, 0.5410324069643716, 0.7371905651473504, 0.8413837890625954, 0.7788218461141411]
2022-01-27 17:44:16:INFO:-------------Training local models-------------
2022-01-27 17:46:56:INFO:-------------Aggregating local models-------------
2022-01-27 17:46:58:INFO:-------------Round number: 21-------------
2022-01-27 17:46:58:INFO:-------------Sending models-------------
2022-01-27 17:46:58:INFO:-------------Evaluating models-------------
2022-01-27 17:46:58:INFO:Average Global Accuracy and Loss for Each Task:
2022-01-27 17:46:58:INFO:Accuracy = [0.9791430665689345, 0.982141667221963, 0.9806756846804825, 0.9602852002398881, 0.9808755913906844, 0.9668154861064836, 0.9876057839674819, 0.9694142733391085, 0.9756780169254348, 0.9882721396681549, 0.23782234957020057, 0.949690144599187, 0.9482907976277737, 0.05384154061437996, 0.4221363363763577, 0.9416938761911108, 0.8760578396748184, 0.3597654427933631, 0.18184847071366694, 0.18524688478709936]
2022-01-27 17:46:58:INFO:Loss = [0.054036750053491824, 0.04663864152732223, 0.056747711369666866, 0.10063801537035566, 0.05292738980720957, 0.08152746524899251, 0.03551690599340941, 0.08301469560085618, 0.06250318817415186, 0.028958173448961073, 0.7558195699005574, 0.3392569773262073, 0.38268863791794117, 1.341366208345542, 0.7202539656937079, 0.5070259478354014, 0.5401479395227698, 0.7379555628135599, 0.8408775094221599, 0.7799880200766259]
2022-01-27 17:46:58:INFO:-------------Training local models-------------
2022-01-27 17:49:41:INFO:-------------Aggregating local models-------------
2022-01-27 17:49:44:INFO:-------------Round number: 22-------------
2022-01-27 17:49:44:INFO:-------------Sending models-------------
2022-01-27 17:49:44:INFO:-------------Evaluating models-------------
2022-01-27 17:49:45:INFO:Average Global Accuracy and Loss for Each Task:
2022-01-27 17:49:45:INFO:Accuracy = [0.9794096088492037, 0.9817418538015593, 0.9814086759512227, 0.9610181915106284, 0.9807423202505497, 0.9673485706670221, 0.9877390551076164, 0.9699473578996468, 0.9760111947757713, 0.9889384953688278, 0.23662290930898913, 0.949690144599187, 0.9482907976277737, 0.053774905044312656, 0.42333577663756916, 0.9409608849203704, 0.8766575598054241, 0.3559005797294596, 0.18824548544012795, 0.18737922302925303]
2022-01-27 17:49:45:INFO:Loss = [0.053868793773948404, 0.04579850436333947, 0.05591469842769621, 0.09936976569934568, 0.052676859669203074, 0.08068855523475144, 0.0353281464203126, 0.08182911501790552, 0.06192817948779334, 0.0281795460406875, 0.7570125691187074, 0.3382410834460682, 0.3811587887255302, 1.3456434100665742, 0.7209724774504118, 0.5068841951473442, 0.5392852362264932, 0.7388388006407709, 0.8403149669410435, 0.7811464808914547]
2022-01-27 17:49:45:INFO:-------------Training local models-------------
2022-01-27 17:52:23:INFO:-------------Aggregating local models-------------
2022-01-27 17:52:25:INFO:-------------Round number: 23-------------
2022-01-27 17:52:25:INFO:-------------Sending models-------------
2022-01-27 17:52:25:INFO:-------------Evaluating models-------------
2022-01-27 17:52:25:INFO:Average Global Accuracy and Loss for Each Task:
2022-01-27 17:52:25:INFO:Accuracy = [0.9794762444192711, 0.9818084893716266, 0.9824748450722995, 0.9618844539215033, 0.9807423202505497, 0.9678150196574932, 0.9877390551076164, 0.9704138068901179, 0.9764776437662425, 0.9896048510695009, 0.23695608715932565, 0.9496235090291197, 0.9482241620577064, 0.053774905044312656, 0.42353568334777103, 0.9404278003598321, 0.8774571866462317, 0.3528353435063637, 0.19437595788631973, 0.18891184114080095]
2022-01-27 17:52:25:INFO:Loss = [0.053698188884707586, 0.04495972341824819, 0.05467526317521054, 0.09811216562909028, 0.05239799585336838, 0.07994888295666376, 0.03513859091884536, 0.08023877093906814, 0.061393282460043636, 0.027404534113198393, 0.7582076027867255, 0.33731107687425066, 0.3797148809233123, 1.3498688896118447, 0.721890101331043, 0.5067055486120294, 0.538389325590719, 0.7398609135051932, 0.8396164139050936, 0.7822369223528448]
2022-01-27 17:52:25:INFO:-------------Training local models-------------
2022-01-27 17:55:03:INFO:-------------Aggregating local models-------------
2022-01-27 17:55:05:INFO:-------------Round number: 24-------------
2022-01-27 17:55:05:INFO:-------------Sending models-------------
2022-01-27 17:55:05:INFO:-------------Evaluating models-------------
2022-01-27 17:55:06:INFO:Average Global Accuracy and Loss for Each Task:
2022-01-27 17:55:06:INFO:Accuracy = [0.9795428799893383, 0.9820083960818284, 0.983007929632838, 0.9624841740521091, 0.9811421336709536, 0.9681481975078297, 0.988072232957953, 0.9715466115812621, 0.976810821616579, 0.9903378423402412, 0.23715599386952754, 0.9495568734590525, 0.9481575264876391, 0.053708269474245354, 0.42473512360898247, 0.9400946225094956, 0.8783900846271739, 0.3499700139934697, 0.19857399880055973, 0.19091090824282]
2022-01-27 17:55:06:INFO:Loss = [0.05355547717083567, 0.044251279630758054, 0.05379857097890373, 0.09687216133449901, 0.05213078723723355, 0.07908977655744107, 0.034972844098054616, 0.07904061580688385, 0.060869183979808124, 0.026656203318174275, 0.7592304239443382, 0.33639017182286324, 0.37842875533587866, 1.3537260697097204, 0.7228521992966107, 0.5063969675376301, 0.5375694234318599, 0.7406880898932244, 0.8390671983306632, 0.7833144235771422]
2022-01-27 17:55:06:INFO:-------------Training local models-------------
2022-01-27 17:57:44:INFO:-------------Aggregating local models-------------
2022-01-27 17:57:46:INFO:-------------Round number: 25-------------
2022-01-27 17:57:46:INFO:-------------Sending models-------------
2022-01-27 17:57:46:INFO:-------------Evaluating models-------------
2022-01-27 17:57:46:INFO:Average Global Accuracy and Loss for Each Task:
2022-01-27 17:57:46:INFO:Accuracy = [0.9798094222696075, 0.9822083027920304, 0.9832078363430399, 0.963150529752782, 0.9814753115212901, 0.9685480109282335, 0.9881388685280202, 0.9720130605717332, 0.97727727060705, 0.9908042913307124, 0.23655627373892182, 0.9495568734590525, 0.9480908909175718, 0.05364163390417805, 0.4250016658892517, 0.939761444659159, 0.8789898047577797, 0.3487705737322583, 0.20203904844405943, 0.19290997534483909]
2022-01-27 17:57:46:INFO:Loss = [0.05339802257192311, 0.043625204277380446, 0.052861078783013424, 0.09567716804071302, 0.05191014774139569, 0.0785366068879887, 0.03483322366537741, 0.07793064185999563, 0.06044418212680231, 0.02594694482598873, 0.7604080162852548, 0.3355086527954947, 0.3773309179149335, 1.3573828803998065, 0.723947321867382, 0.5059691586135078, 0.536868324522541, 0.7413438813329069, 0.8385674792642938, 0.7841519619429256]
2022-01-27 17:57:46:INFO:-------------Training local models-------------
2022-01-27 18:00:25:INFO:-------------Aggregating local models-------------
2022-01-27 18:00:27:INFO:-------------Round number: 26-------------
2022-01-27 18:00:27:INFO:-------------Sending models-------------
2022-01-27 18:00:27:INFO:-------------Evaluating models-------------
2022-01-27 18:00:27:INFO:Average Global Accuracy and Loss for Each Task:
2022-01-27 18:00:27:INFO:Accuracy = [0.9796761511294729, 0.9825414806423669, 0.9831412007729726, 0.9642166988738589, 0.9814086759512227, 0.9690810954887719, 0.9882721396681549, 0.9725461451322716, 0.9774771773172519, 0.9910708336109816, 0.23735590057972947, 0.9494236023189179, 0.9480242553475045, 0.05357499833411075, 0.4260011994402612, 0.9398280802292264, 0.8801226094489238, 0.3459052442193643, 0.20663690277870328, 0.1942426867461851]
2022-01-27 18:00:27:INFO:Loss = [0.05338720926195054, 0.043024969054385534, 0.05216986465959192, 0.09450874793622298, 0.05170058278256295, 0.07807264059834104, 0.034733373164346354, 0.07709481717095253, 0.06011866212192582, 0.02529585922200469, 0.7616666813332672, 0.33457625946317354, 0.3763089732279933, 1.360988404341412, 0.725393786145661, 0.5054434604812226, 0.5361851532641008, 0.7419623224336651, 0.8380561214765273, 0.7848328845787074]
2022-01-27 18:00:27:INFO:-------------Training local models-------------
2022-01-27 18:03:05:INFO:-------------Aggregating local models-------------
2022-01-27 18:03:07:INFO:-------------Round number: 27-------------
2022-01-27 18:03:07:INFO:-------------Sending models-------------
2022-01-27 18:03:07:INFO:-------------Evaluating models-------------
2022-01-27 18:03:08:INFO:Average Global Accuracy and Loss for Each Task:
2022-01-27 18:03:08:INFO:Accuracy = [0.9796761511294729, 0.9826747517825015, 0.9834077430532419, 0.9652162324248684, 0.9816085826614247, 0.9692810021989738, 0.9884054108082895, 0.9728126874125408, 0.9778769907376558, 0.9915372826014527, 0.23755580728993136, 0.9494236023189179, 0.9479576197774372, 0.05350836276404344, 0.4263343772905977, 0.9400946225094956, 0.8809888718597988, 0.34397281268741253, 0.20903578330112615, 0.1964416605584061]
2022-01-27 18:03:08:INFO:Loss = [0.053375872491341556, 0.0425155960392158, 0.051945943957498124, 0.09342607647396119, 0.05151753948264735, 0.07749479418370031, 0.03463425990380628, 0.07669127055230587, 0.05984612423249729, 0.024707854601126542, 0.7627386588270869, 0.3337038643938669, 0.37533986318526075, 1.36417040366069, 0.7266390706420127, 0.5049464713627917, 0.5355655592362631, 0.7425004882514457, 0.8375801598397389, 0.7854596162379333]
2022-01-27 18:03:08:INFO:-------------Training local models-------------
2022-01-27 18:05:52:INFO:-------------Aggregating local models-------------
2022-01-27 18:05:54:INFO:-------------Round number: 28-------------
2022-01-27 18:05:54:INFO:-------------Sending models-------------
2022-01-27 18:05:54:INFO:-------------Evaluating models-------------
2022-01-27 18:05:55:INFO:Average Global Accuracy and Loss for Each Task:
2022-01-27 18:05:55:INFO:Accuracy = [0.9795428799893383, 0.9828746584927034, 0.983674285333511, 0.9656160458452722, 0.981675218231492, 0.9693476377690411, 0.9886719530885587, 0.97307922969281, 0.9780768974478576, 0.9916705537415873, 0.23768907843006598, 0.9494236023189179, 0.9479576197774372, 0.05337509162390884, 0.42713400413140534, 0.9403611647897647, 0.8815885919904045, 0.34230692343573, 0.21230092623442393, 0.19757446524955022]
2022-01-27 18:05:55:INFO:Loss = [0.053282915432808824, 0.04197961146105344, 0.051446036804008874, 0.09240550180218404, 0.05138201648473012, 0.07708039946752196, 0.03452289332469246, 0.07614677645583846, 0.0595731908355871, 0.02418210649876973, 0.7638840298232592, 0.3328959408978948, 0.37447246191935657, 1.3672909182012618, 0.7277551522088606, 0.5044614085650201, 0.535022339469279, 0.7430125001571939, 0.8370705399362635, 0.7860626017117139]
2022-01-27 18:05:55:INFO:-------------Training local models-------------
2022-01-27 18:08:33:INFO:-------------Aggregating local models-------------
2022-01-27 18:08:35:INFO:-------------Round number: 29-------------
2022-01-27 18:08:35:INFO:-------------Sending models-------------
2022-01-27 18:08:35:INFO:-------------Evaluating models-------------
2022-01-27 18:08:36:INFO:Average Global Accuracy and Loss for Each Task:
2022-01-27 18:08:36:INFO:Accuracy = [0.9795428799893383, 0.9830745652029053, 0.983674285333511, 0.9664156726860799, 0.9816085826614247, 0.9695475444792431, 0.988738588658626, 0.9728793229826082, 0.9783434397281269, 0.9920037315919238, 0.23715599386952754, 0.9494236023189179, 0.9479576197774372, 0.05337509162390884, 0.427933630972213, 0.940627707070034, 0.882588125541414, 0.34010794962350904, 0.21390017991603918, 0.19977343906177117]
2022-01-27 18:08:36:INFO:Loss = [0.05319054054466664, 0.04151771277533565, 0.05130425234290393, 0.09142779044366285, 0.051253996001034835, 0.07673863481728277, 0.03444016804091196, 0.07609722646680359, 0.0593555479142831, 0.023666660989061544, 0.7648544023092085, 0.33204469224149497, 0.3735675059222695, 1.3703905805690209, 0.7288196997634733, 0.5039562988191487, 0.5344556462814785, 0.7433820775794882, 0.8366539367886254, 0.7865533566438374]
2022-01-27 18:08:36:INFO:-------------Training local models-------------
2022-01-27 18:11:14:INFO:-------------Aggregating local models-------------
