2022-01-27 15:28:56:INFO:-------------Round number: 0-------------
2022-01-27 15:28:56:INFO:-------------Sending models-------------
2022-01-27 15:28:57:INFO:-------------Evaluating models-------------
2022-01-27 15:28:57:INFO:Average Global Accuracy and Loss for Each Task:
2022-01-27 15:28:57:INFO:Accuracy = [0.9504996668887409, 0.05043304463690873, 0.04910059960026649, 0.05136575616255829, 0.9263157894736842, 0.9289806795469687, 0.051632245169886744, 0.049566955363091275, 0.9504996668887409, 0.9506995336442372, 0.949966688874084, 0.949966688874084, 0.05016655562958028, 0.05003331112591606, 0.9489007328447702, 0.9499000666222518, 0.9494337108594271, 0.949966688874084, 0.04863424383744171, 0.06049300466355763]
2022-01-27 15:28:57:INFO:Loss = [0.661979341487103, 0.7291994851760114, 0.7217910102412829, 0.7379153850672644, 0.690537432521125, 0.6896663820680025, 0.7449395825750108, 0.7046844465187754, 0.6837995678325401, 0.6311014006369754, 0.6199667505428522, 0.6527464858060833, 0.7116100458126716, 0.7153866100636901, 0.6260703191766732, 0.657368909113412, 0.6176299423237469, 0.6184241106159126, 0.7692375394680118, 0.696316683193114]
2022-01-27 15:28:57:INFO:-------------Training local models-------------
2022-01-27 15:31:25:INFO:-------------Aggregating local models-------------
2022-01-27 15:31:27:INFO:-------------Round number: 1-------------
2022-01-27 15:31:27:INFO:-------------Sending models-------------
2022-01-27 15:31:27:INFO:-------------Evaluating models-------------
2022-01-27 15:31:28:INFO:Average Global Accuracy and Loss for Each Task:
2022-01-27 15:31:28:INFO:Accuracy = [0.9504996668887409, 0.9495669553630913, 0.965489673550966, 0.9486342438374417, 0.9502331778814124, 0.9497001998667555, 0.9483677548301133, 0.9556295802798135, 0.951765489673551, 0.9506995336442372, 0.5786142571618921, 0.949966688874084, 0.9493004663557628, 0.05003331112591606, 0.6239173884077281, 0.9499000666222518, 0.9494337108594271, 0.5790139906728847, 0.05429713524317122, 0.36848767488341105]
2022-01-27 15:31:28:INFO:Loss = [0.17002779700465098, 0.18255581380123104, 0.13869134740312047, 0.20886240320033247, 0.15711809580687738, 0.20802645650676774, 0.19371632592421245, 0.15870506671120194, 0.1723123574125606, 0.1801036941928716, 0.6899698756521023, 0.45409204063417113, 0.5094940403435406, 1.0045937512216372, 0.6825192342354091, 0.5654467933540103, 0.5650438175369786, 0.6833575413594001, 0.8131695258982733, 0.7194368626974489]
2022-01-27 15:31:28:INFO:-------------Training local models-------------
2022-01-27 15:33:56:INFO:-------------Aggregating local models-------------
2022-01-27 15:33:58:INFO:-------------Round number: 2-------------
2022-01-27 15:33:58:INFO:-------------Sending models-------------
2022-01-27 15:33:58:INFO:-------------Evaluating models-------------
2022-01-27 15:33:58:INFO:Average Global Accuracy and Loss for Each Task:
2022-01-27 15:33:58:INFO:Accuracy = [0.9504996668887409, 0.9495669553630913, 0.965489673550966, 0.9486342438374417, 0.9502331778814124, 0.9497001998667555, 0.9483677548301133, 0.9556295802798135, 0.951765489673551, 0.9506995336442372, 0.40259826782145236, 0.949966688874084, 0.9498334443704197, 0.05003331112591606, 0.5318454363757495, 0.9499000666222518, 0.9494337108594271, 0.4350433044636909, 0.08780812791472352, 0.3716189207195203]
2022-01-27 15:33:58:INFO:Loss = [0.12571068821623202, 0.11912407011332252, 0.09222684425052421, 0.14979696794574973, 0.11296395449061505, 0.13355865652048135, 0.11576484883741428, 0.1058609517948264, 0.10523668438963081, 0.1296550590143186, 0.7130988493829787, 0.39884528175423256, 0.4591457661253702, 1.1165376672142748, 0.6951102781303719, 0.538650924372403, 0.5575424955953049, 0.703400509902273, 0.8183116058482082, 0.7272235076757847]
2022-01-27 15:33:58:INFO:-------------Training local models-------------
2022-01-27 15:36:27:INFO:-------------Aggregating local models-------------
2022-01-27 15:36:29:INFO:-------------Round number: 3-------------
2022-01-27 15:36:29:INFO:-------------Sending models-------------
2022-01-27 15:36:29:INFO:-------------Evaluating models-------------
2022-01-27 15:36:29:INFO:Average Global Accuracy and Loss for Each Task:
2022-01-27 15:36:29:INFO:Accuracy = [0.9504996668887409, 0.9495669553630913, 0.965489673550966, 0.9486342438374417, 0.9584943371085942, 0.9497001998667555, 0.9483677548301133, 0.9556295802798135, 0.954163890739507, 0.9506995336442372, 0.35662891405729513, 0.949966688874084, 0.9498334443704197, 0.05003331112591606, 0.5227181878747502, 0.9499000666222518, 0.9494337108594271, 0.40253164556962023, 0.0982678214523651, 0.37328447701532314]
2022-01-27 15:36:29:INFO:Loss = [0.12044935779733525, 0.11265028939364623, 0.08480563438702238, 0.14343413889104392, 0.10407425812374227, 0.12492555074828388, 0.10601005966095396, 0.10066300040826966, 0.09804176393135337, 0.12465777051153293, 0.7210931065080962, 0.38323050735196934, 0.4430858998299439, 1.156872246918243, 0.6976903181684406, 0.5312974315059733, 0.554504515221721, 0.7106743943286212, 0.8184283744963228, 0.7312975628704805]
2022-01-27 15:36:29:INFO:-------------Training local models-------------
2022-01-27 15:38:58:INFO:-------------Aggregating local models-------------
2022-01-27 15:39:00:INFO:-------------Round number: 4-------------
2022-01-27 15:39:00:INFO:-------------Sending models-------------
2022-01-27 15:39:00:INFO:-------------Evaluating models-------------
2022-01-27 15:39:00:INFO:Average Global Accuracy and Loss for Each Task:
2022-01-27 15:39:00:INFO:Accuracy = [0.9504996668887409, 0.9501665556295803, 0.965489673550966, 0.9486342438374417, 0.9625582944703531, 0.9497001998667555, 0.9497668221185877, 0.9558960692871419, 0.9624916722185209, 0.9506995336442372, 0.3514990006662225, 0.949966688874084, 0.9498334443704197, 0.05003331112591606, 0.520253164556962, 0.9499000666222518, 0.9494337108594271, 0.3814123917388408, 0.10426382411725517, 0.36435709526982013]
2022-01-27 15:39:00:INFO:Loss = [0.11663418372016962, 0.11047056311971665, 0.08037225675269984, 0.14119920266539648, 0.09570472319199357, 0.12172432825263084, 0.10071221316358302, 0.09834510380294247, 0.09477537201865167, 0.1224812167853323, 0.7244557309357188, 0.3753711829774782, 0.433844574892783, 1.1812907933235803, 0.6985568887984094, 0.5277344680999931, 0.5514676573930146, 0.7146288889436068, 0.8187622227444799, 0.7352025880962908]
2022-01-27 15:39:00:INFO:-------------Training local models-------------
2022-01-27 15:41:29:INFO:-------------Aggregating local models-------------
2022-01-27 15:41:30:INFO:-------------Round number: 5-------------
2022-01-27 15:41:30:INFO:-------------Sending models-------------
2022-01-27 15:41:30:INFO:-------------Evaluating models-------------
2022-01-27 15:41:31:INFO:Average Global Accuracy and Loss for Each Task:
2022-01-27 15:41:31:INFO:Accuracy = [0.954763491005996, 0.9539640239840107, 0.9683544303797469, 0.9486342438374417, 0.9624250499666889, 0.9497001998667555, 0.9530313124583611, 0.9574283810792805, 0.9672884743504331, 0.9506995336442372, 0.35169886742171885, 0.949966688874084, 0.9498334443704197, 0.05003331112591606, 0.5067954696868754, 0.9499000666222518, 0.9494337108594271, 0.3750832778147901, 0.10672884743504331, 0.35836109260493004]
2022-01-27 15:41:31:INFO:Loss = [0.11252707416125152, 0.10888466775666446, 0.0759358720090594, 0.13974474898777123, 0.09014362348677922, 0.11939660808866313, 0.09557905041929589, 0.09649408686841571, 0.09174870609960858, 0.12042085206174731, 0.7263671041567432, 0.3704028554543664, 0.4268011679020347, 1.1991485886697686, 0.6990632070294227, 0.5256629851700703, 0.5486507432608506, 0.7165132306322585, 0.8196334117297567, 0.7392326759664636]
2022-01-27 15:41:31:INFO:-------------Training local models-------------
2022-01-27 15:43:59:INFO:-------------Aggregating local models-------------
2022-01-27 15:44:01:INFO:-------------Round number: 6-------------
2022-01-27 15:44:01:INFO:-------------Sending models-------------
2022-01-27 15:44:01:INFO:-------------Evaluating models-------------
2022-01-27 15:44:02:INFO:Average Global Accuracy and Loss for Each Task:
2022-01-27 15:44:02:INFO:Accuracy = [0.9570952698201199, 0.9584277148567621, 0.9716189207195203, 0.9486342438374417, 0.9657561625582944, 0.9497001998667555, 0.9554963357761492, 0.9612258494337108, 0.9671552298467688, 0.9506995336442372, 0.3508327781479014, 0.949966688874084, 0.9498334443704197, 0.05003331112591606, 0.4966022651565623, 0.9499000666222518, 0.9494337108594271, 0.3822784810126582, 0.10859427048634245, 0.35549633577614925]
2022-01-27 15:44:02:INFO:Loss = [0.10903589579655691, 0.1071813000231295, 0.07154759344982844, 0.13861010401919366, 0.08614098676650982, 0.11722681782088012, 0.09090666459538421, 0.09482270392063735, 0.08855255865194102, 0.11795390140127793, 0.7274435424510833, 0.3663890911133428, 0.4212990575119466, 1.213666109717901, 0.6990090838199771, 0.5244656076159658, 0.5458516514217909, 0.7177331791052732, 0.8206711969520155, 0.742835089459092]
2022-01-27 15:44:02:INFO:-------------Training local models-------------
2022-01-27 15:46:30:INFO:-------------Aggregating local models-------------
2022-01-27 15:46:32:INFO:-------------Round number: 7-------------
2022-01-27 15:46:32:INFO:-------------Sending models-------------
2022-01-27 15:46:32:INFO:-------------Evaluating models-------------
2022-01-27 15:46:33:INFO:Average Global Accuracy and Loss for Each Task:
2022-01-27 15:46:33:INFO:Accuracy = [0.9576948700866089, 0.9585609593604264, 0.9728847435043304, 0.9486342438374417, 0.9676882078614257, 0.9516322451698868, 0.9569620253164557, 0.9640906062624917, 0.9672884743504331, 0.9542305129913391, 0.351765489673551, 0.949966688874084, 0.9498334443704197, 0.05003331112591606, 0.49686875416389076, 0.9499000666222518, 0.9494337108594271, 0.38954030646235843, 0.11552298467688207, 0.3548301132578281]
2022-01-27 15:46:33:INFO:Loss = [0.10660323050199015, 0.10512406770769708, 0.06796600276835109, 0.13762027777573665, 0.08219602367112278, 0.11498323777734894, 0.08681974021036477, 0.0932371983864282, 0.08595966319531062, 0.11485602345497849, 0.728230446708115, 0.3627856048989264, 0.4164605381050402, 1.2268411436849718, 0.698127319076552, 0.5237978978267437, 0.5431641919365888, 0.7189068057432244, 0.8208087586943584, 0.7458852843988902]
2022-01-27 15:46:33:INFO:-------------Training local models-------------
2022-01-27 15:49:01:INFO:-------------Aggregating local models-------------
2022-01-27 15:49:03:INFO:-------------Round number: 8-------------
2022-01-27 15:49:03:INFO:-------------Sending models-------------
2022-01-27 15:49:03:INFO:-------------Evaluating models-------------
2022-01-27 15:49:03:INFO:Average Global Accuracy and Loss for Each Task:
2022-01-27 15:49:03:INFO:Accuracy = [0.9594270486342439, 0.9578947368421052, 0.9728181212524983, 0.9486342438374417, 0.9696202531645569, 0.9533644237175216, 0.9627581612258495, 0.9651565622918055, 0.9680879413724184, 0.9569620253164557, 0.35269820119920053, 0.949966688874084, 0.9498334443704197, 0.05003331112591606, 0.4953364423717522, 0.9499000666222518, 0.9494337108594271, 0.3911392405063291, 0.12864756828780813, 0.3522984676882079]
2022-01-27 15:49:03:INFO:Loss = [0.1045804446996987, 0.10284540672832448, 0.065052573319939, 0.13675085741756354, 0.07880070336295825, 0.11278989673788373, 0.08280540551245476, 0.09169210020859454, 0.08462038064075135, 0.11120587132991289, 0.7287543306463484, 0.3596104189703895, 0.412386669634502, 1.2390960110576053, 0.6972445817409874, 0.5233923575010083, 0.54069341760846, 0.7202786730179225, 0.8208291457106002, 0.7488126542908125]
2022-01-27 15:49:03:INFO:-------------Training local models-------------
2022-01-27 15:51:31:INFO:-------------Aggregating local models-------------
2022-01-27 15:51:33:INFO:-------------Round number: 9-------------
2022-01-27 15:51:33:INFO:-------------Sending models-------------
2022-01-27 15:51:33:INFO:-------------Evaluating models-------------
2022-01-27 15:51:34:INFO:Average Global Accuracy and Loss for Each Task:
2022-01-27 15:51:34:INFO:Accuracy = [0.9597601598934044, 0.9575616255829447, 0.9742838107928048, 0.9486342438374417, 0.9697534976682212, 0.9560293137908061, 0.9657561625582944, 0.9653564290473018, 0.968487674883411, 0.9584277148567621, 0.35509660226515655, 0.949966688874084, 0.9498334443704197, 0.05003331112591606, 0.49686875416389076, 0.9499000666222518, 0.9494337108594271, 0.3899400399733511, 0.14270486342438374, 0.3429047301798801]
2022-01-27 15:51:34:INFO:Loss = [0.10278515275795792, 0.1006209192861062, 0.06260192304020369, 0.1359398086208577, 0.07669457015262664, 0.11071476104086343, 0.07881702288023837, 0.0902244282509917, 0.0841677502407984, 0.10727180255126198, 0.7287739762578465, 0.35677406880892887, 0.40898667244733294, 1.2505737317156427, 0.6963732911021927, 0.522978498610475, 0.5386984797575568, 0.721880891500196, 0.821438762626991, 0.7515843422829033]
2022-01-27 15:51:34:INFO:-------------Training local models-------------
2022-01-27 15:54:02:INFO:-------------Aggregating local models-------------
2022-01-27 15:54:04:INFO:-------------Round number: 10-------------
2022-01-27 15:54:04:INFO:-------------Sending models-------------
2022-01-27 15:54:04:INFO:-------------Evaluating models-------------
2022-01-27 15:54:04:INFO:Average Global Accuracy and Loss for Each Task:
2022-01-27 15:54:04:INFO:Accuracy = [0.9594270486342439, 0.9581612258494338, 0.9762158560959361, 0.9486342438374417, 0.9707528314457029, 0.9575616255829447, 0.9690206528980679, 0.9657561625582944, 0.9686875416389074, 0.9597601598934044, 0.3556962025316456, 0.949966688874084, 0.9498334443704197, 0.05003331112591606, 0.49766822118587606, 0.9499000666222518, 0.9494337108594271, 0.38694203864090604, 0.15269820119920052, 0.3327781479013991]
2022-01-27 15:54:04:INFO:Loss = [0.10133164870123587, 0.0985006130131695, 0.06055509970862503, 0.1351186349818441, 0.07561798873599457, 0.10874498791392827, 0.07498448904167299, 0.08889803747159598, 0.08388041332188412, 0.10326306642441738, 0.7286949339229055, 0.35428014951376496, 0.40629565106043414, 1.260603425782335, 0.6953925686467098, 0.5225016222188347, 0.5373013481984211, 0.7236245060348256, 0.8222887413212651, 0.7540394904889877]
2022-01-27 15:54:04:INFO:-------------Training local models-------------
2022-01-27 15:56:32:INFO:-------------Aggregating local models-------------
2022-01-27 15:56:34:INFO:-------------Round number: 11-------------
2022-01-27 15:56:34:INFO:-------------Sending models-------------
2022-01-27 15:56:34:INFO:-------------Evaluating models-------------
2022-01-27 15:56:35:INFO:Average Global Accuracy and Loss for Each Task:
2022-01-27 15:56:35:INFO:Accuracy = [0.9598267821452365, 0.9590273151232511, 0.9778814123917389, 0.9486342438374417, 0.9706195869420386, 0.9574283810792805, 0.9713524317121919, 0.966022651565623, 0.9694203864090606, 0.9608261159227182, 0.35942704863424385, 0.949966688874084, 0.9498334443704197, 0.05003331112591606, 0.49866755496335774, 0.9499000666222518, 0.9494337108594271, 0.3816122584943371, 0.15962691538974016, 0.32411725516322454]
2022-01-27 15:56:35:INFO:Loss = [0.10031013440516505, 0.09633095514176315, 0.05879990231158464, 0.13427309413565938, 0.07503910968090634, 0.10694619623662549, 0.07149705757877695, 0.08776367254666755, 0.08355258229715787, 0.09945268402471974, 0.7285664940460136, 0.35189439789066307, 0.4042821370030466, 1.269623861020601, 0.6945499226103458, 0.5221198702418431, 0.5361724968614934, 0.7254759504825254, 0.8230771777035791, 0.7561405539512634]
2022-01-27 15:56:35:INFO:-------------Training local models-------------
2022-01-27 15:59:03:INFO:-------------Aggregating local models-------------
2022-01-27 15:59:05:INFO:-------------Round number: 12-------------
2022-01-27 15:59:05:INFO:-------------Sending models-------------
2022-01-27 15:59:05:INFO:-------------Evaluating models-------------
2022-01-27 15:59:05:INFO:Average Global Accuracy and Loss for Each Task:
2022-01-27 15:59:05:INFO:Accuracy = [0.9598267821452365, 0.9626915389740173, 0.9786808794137242, 0.9486342438374417, 0.9701532311792138, 0.9583610926049301, 0.9725516322451699, 0.9663557628247835, 0.9692205196535643, 0.9622918054630246, 0.3632911392405063, 0.9496335776149234, 0.9498334443704197, 0.05003331112591606, 0.4965356429047302, 0.9497668221185877, 0.9493670886075949, 0.37581612258494335, 0.1614923384410393, 0.3169886742171885]
2022-01-27 15:59:05:INFO:Loss = [0.0996813293760112, 0.09409032553809135, 0.057245647012466504, 0.13340894982393559, 0.0746066928418092, 0.10538229694794572, 0.06854550494452324, 0.08679769541653692, 0.08325110524419119, 0.09630315034033443, 0.7284751697391927, 0.34969950922523474, 0.402686497727924, 1.2772414909689367, 0.6941739310271576, 0.5217905443362758, 0.5352271468658435, 0.7272498229795261, 0.8240812910587926, 0.7578130378554774]
2022-01-27 15:59:05:INFO:-------------Training local models-------------
2022-01-27 16:01:33:INFO:-------------Aggregating local models-------------
2022-01-27 16:01:35:INFO:-------------Round number: 13-------------
2022-01-27 16:01:35:INFO:-------------Sending models-------------
2022-01-27 16:01:35:INFO:-------------Evaluating models-------------
2022-01-27 16:01:36:INFO:Average Global Accuracy and Loss for Each Task:
2022-01-27 16:01:36:INFO:Accuracy = [0.9604930046635576, 0.9640906062624917, 0.9789473684210527, 0.9486342438374417, 0.9706195869420386, 0.958894070619587, 0.9743504330446369, 0.9672218520986009, 0.9697534976682212, 0.9638907395069953, 0.3652898067954697, 0.9493004663557628, 0.9498334443704197, 0.05003331112591606, 0.49513657561625585, 0.9491005996002665, 0.9493670886075949, 0.3737508327781479, 0.16009327115256497, 0.31025982678214525]
2022-01-27 16:01:36:INFO:Loss = [0.09912135369802037, 0.09206977231494883, 0.055899833552167454, 0.13245957901666702, 0.07415283165322906, 0.10394265804445833, 0.0660547844019756, 0.08601055900777006, 0.08274583978780721, 0.09376805738956549, 0.7285598590801272, 0.3476906760236488, 0.40131285184526505, 1.2833225856853436, 0.6941563269005546, 0.5215904277118344, 0.5342969812884639, 0.7286063064661604, 0.8253772077482593, 0.7592675162664181]
2022-01-27 16:01:36:INFO:-------------Training local models-------------
2022-01-27 16:04:03:INFO:-------------Aggregating local models-------------
2022-01-27 16:04:05:INFO:-------------Round number: 14-------------
2022-01-27 16:04:05:INFO:-------------Sending models-------------
2022-01-27 16:04:05:INFO:-------------Evaluating models-------------
2022-01-27 16:04:06:INFO:Average Global Accuracy and Loss for Each Task:
2022-01-27 16:04:06:INFO:Accuracy = [0.9598934043970686, 0.9654230512991339, 0.9790806129247168, 0.9491672218520986, 0.9705529646902066, 0.959493670886076, 0.9752831445702865, 0.9683544303797469, 0.9700866089273817, 0.9641572285143238, 0.3682211858760826, 0.9490339773484344, 0.9498334443704197, 0.05003331112591606, 0.49120586275816125, 0.9483011325782812, 0.9491672218520986, 0.3742838107928048, 0.15776149233844103, 0.3025982678214524]
2022-01-27 16:04:06:INFO:Loss = [0.09854283278318138, 0.09048183910634933, 0.05476566296938733, 0.1314121274972744, 0.07355975782863475, 0.1024369405026375, 0.06403845075716753, 0.08535837517615542, 0.08202701390406482, 0.09161603686790343, 0.7288647388157091, 0.3459268404018236, 0.400030309654807, 1.2884593555245853, 0.6944429644499518, 0.5214403885114519, 0.5333769361508996, 0.729511899863935, 0.8268267307020997, 0.7605227509154867]
2022-01-27 16:04:06:INFO:-------------Training local models-------------
2022-01-27 16:06:33:INFO:-------------Aggregating local models-------------
2022-01-27 16:06:34:INFO:-------------Round number: 15-------------
2022-01-27 16:06:34:INFO:-------------Sending models-------------
2022-01-27 16:06:34:INFO:-------------Evaluating models-------------
2022-01-27 16:06:35:INFO:Average Global Accuracy and Loss for Each Task:
2022-01-27 16:06:35:INFO:Accuracy = [0.9602931379080613, 0.9659560293137908, 0.9794803464357096, 0.9499000666222518, 0.9710859427048634, 0.9602265156562292, 0.975616255829447, 0.9689540306462359, 0.9702864756828781, 0.9653564290473018, 0.370819453697535, 0.9489007328447702, 0.9498334443704197, 0.05003331112591606, 0.48907395069953363, 0.9477681545636243, 0.9485676215856096, 0.3765489673550966, 0.15296469020652897, 0.29740173217854765]
2022-01-27 16:06:35:INFO:Loss = [0.09792425623162224, 0.08922839680751588, 0.0537787028747873, 0.13028930951911172, 0.07283472554077383, 0.10085607600017317, 0.06241912880388438, 0.08480616429951575, 0.08131650587192737, 0.08957545171235626, 0.7292105992105625, 0.34440196556579583, 0.39888383225053253, 1.2932431087979945, 0.6950172417089194, 0.521321222769825, 0.532585847488965, 0.730118892210313, 0.8282661601990402, 0.7615049713734863]
2022-01-27 16:06:35:INFO:-------------Training local models-------------
2022-01-27 16:09:01:INFO:-------------Aggregating local models-------------
2022-01-27 16:09:03:INFO:-------------Round number: 16-------------
2022-01-27 16:09:03:INFO:-------------Sending models-------------
2022-01-27 16:09:03:INFO:-------------Evaluating models-------------
2022-01-27 16:09:04:INFO:Average Global Accuracy and Loss for Each Task:
2022-01-27 16:09:04:INFO:Accuracy = [0.9602931379080613, 0.966089273817455, 0.9800799467021986, 0.950566289140573, 0.9712858094603598, 0.960692871419054, 0.9762158560959361, 0.9692205196535643, 0.970219853431046, 0.9668221185876082, 0.3710193204530313, 0.9487008660892738, 0.9498334443704197, 0.05003331112591606, 0.4876082611592272, 0.9470353097934711, 0.9481678880746169, 0.37854763491005994, 0.14996668887408393, 0.2942038640906063]
2022-01-27 16:09:04:INFO:Loss = [0.09732078430830342, 0.08824754697188092, 0.05288411837096503, 0.12915508036149317, 0.0721284810591436, 0.09925969311094804, 0.06105919335368877, 0.08431073011176476, 0.08059277619006382, 0.08790452630277285, 0.7296481919558663, 0.3429795157593699, 0.3978138811057365, 1.2978690649174913, 0.6954419753497477, 0.5212210417131358, 0.5319030093598731, 0.7306018004212516, 0.8295692297437046, 0.7623947246046086]
2022-01-27 16:09:04:INFO:-------------Training local models-------------
2022-01-27 16:11:30:INFO:-------------Aggregating local models-------------
2022-01-27 16:11:31:INFO:-------------Round number: 17-------------
2022-01-27 16:11:31:INFO:-------------Sending models-------------
2022-01-27 16:11:32:INFO:-------------Evaluating models-------------
2022-01-27 16:11:32:INFO:Average Global Accuracy and Loss for Each Task:
2022-01-27 16:11:32:INFO:Accuracy = [0.9602265156562292, 0.9664223850766156, 0.9804796802131912, 0.951765489673551, 0.9714856762158561, 0.9613590939373751, 0.9768154563624251, 0.9692205196535643, 0.9702864756828781, 0.9678880746169221, 0.3715522984676882, 0.9484343770819453, 0.9498334443704197, 0.05003331112591606, 0.4856095936042638, 0.9465689540306462, 0.947568287808128, 0.3787475016655563, 0.1485676215856096, 0.29020652898067956]
2022-01-27 16:11:32:INFO:Loss = [0.09675449881891555, 0.08741903452236105, 0.05208364319473867, 0.12803671029075844, 0.0714829453044603, 0.09768265905262788, 0.059924823024950724, 0.08387865259716638, 0.07991590802367748, 0.08640640775584403, 0.7301169344062094, 0.34162966507442943, 0.39688002777985143, 1.3022870518699001, 0.6954468120065711, 0.5211586427958627, 0.5314822543131995, 0.7306999751681252, 0.8307309549383765, 0.7632708949219934]
2022-01-27 16:11:32:INFO:-------------Training local models-------------
2022-01-27 16:13:58:INFO:-------------Aggregating local models-------------
2022-01-27 16:14:00:INFO:-------------Round number: 18-------------
2022-01-27 16:14:00:INFO:-------------Sending models-------------
2022-01-27 16:14:00:INFO:-------------Evaluating models-------------
2022-01-27 16:14:00:INFO:Average Global Accuracy and Loss for Each Task:
2022-01-27 16:14:00:INFO:Accuracy = [0.9604930046635576, 0.9668221185876082, 0.9808127914723518, 0.9522984676882079, 0.9719520319786809, 0.9620253164556962, 0.9772818121252498, 0.9695536309127248, 0.9702864756828781, 0.9689540306462359, 0.3737508327781479, 0.948234510326449, 0.9498334443704197, 0.050099933377748165, 0.4856095936042638, 0.9459693537641573, 0.9471685542971352, 0.37928047968021317, 0.14770153231179214, 0.2875416389073951]
2022-01-27 16:14:00:INFO:Loss = [0.09618539679490505, 0.08659209319914885, 0.051315749095493246, 0.12688860925736833, 0.0709078993586108, 0.09630141594388018, 0.059038823026774635, 0.08349222595743565, 0.079668006728896, 0.08494806872616177, 0.7306161086373453, 0.34032397951526216, 0.3959899186561856, 1.3068911837705528, 0.695405526688542, 0.5209162622769621, 0.5311424292400628, 0.7305646693087037, 0.8317743181030723, 0.7640553619526451]
2022-01-27 16:14:00:INFO:-------------Training local models-------------
2022-01-27 16:16:26:INFO:-------------Aggregating local models-------------
2022-01-27 16:16:28:INFO:-------------Round number: 19-------------
2022-01-27 16:16:28:INFO:-------------Sending models-------------
2022-01-27 16:16:28:INFO:-------------Evaluating models-------------
2022-01-27 16:16:28:INFO:Average Global Accuracy and Loss for Each Task:
2022-01-27 16:16:28:INFO:Accuracy = [0.9602265156562292, 0.966688874083944, 0.9812791472351765, 0.952964690206529, 0.9718854097268488, 0.9624916722185209, 0.9776815456362425, 0.9695536309127248, 0.9699533644237175, 0.9696868754163891, 0.37455029980013327, 0.948234510326449, 0.9498334443704197, 0.05016655562958028, 0.4861425716189207, 0.945836109260493, 0.9465689540306462, 0.3800133244503664, 0.14710193204530314, 0.2873417721518987]
2022-01-27 16:16:28:INFO:Loss = [0.0957796211105937, 0.08576438347385935, 0.05056886692732826, 0.12572071816692376, 0.07041296600910549, 0.09500658400630552, 0.058343521656048065, 0.08311922178181945, 0.07922077114744583, 0.08359601282365177, 0.7311050034617679, 0.3391414369208903, 0.39516065543310236, 1.3110554337183846, 0.6952691560900267, 0.5206053519888293, 0.5307903666146035, 0.7301751668099004, 0.8326255165482266, 0.76474322530526]
2022-01-27 16:16:28:INFO:-------------Training local models-------------
2022-01-27 16:18:54:INFO:-------------Aggregating local models-------------
2022-01-27 16:18:56:INFO:-------------Round number: 20-------------
2022-01-27 16:18:56:INFO:-------------Sending models-------------
2022-01-27 16:18:56:INFO:-------------Evaluating models-------------
2022-01-27 16:18:57:INFO:Average Global Accuracy and Loss for Each Task:
2022-01-27 16:18:57:INFO:Accuracy = [0.9604930046635576, 0.9670886075949368, 0.9814790139906728, 0.9534976682211859, 0.9720852764823451, 0.9632911392405064, 0.977415056628914, 0.9695536309127248, 0.9700199866755497, 0.9707528314457029, 0.37501665556295805, 0.9481678880746169, 0.9498334443704197, 0.05023317788141239, 0.48634243837441704, 0.9451032644903398, 0.9466355762824783, 0.38067954696868755, 0.14650233177881414, 0.28794137241838774]
2022-01-27 16:18:57:INFO:Loss = [0.09546950972457886, 0.08499556169094591, 0.04982884355412583, 0.12455064270520007, 0.06991443251803543, 0.09388100613060384, 0.05780756254650982, 0.082764749597301, 0.0788497062036137, 0.08241414350769778, 0.7314920489705459, 0.33801369454009306, 0.39441382995968577, 1.3152918702757097, 0.6953109230183506, 0.5203026405677725, 0.5302538665690317, 0.7300494090705455, 0.8332603172688863, 0.7652928923305712]
2022-01-27 16:18:57:INFO:-------------Training local models-------------
2022-01-27 16:21:23:INFO:-------------Aggregating local models-------------
2022-01-27 16:21:24:INFO:-------------Round number: 21-------------
2022-01-27 16:21:24:INFO:-------------Sending models-------------
2022-01-27 16:21:24:INFO:-------------Evaluating models-------------
2022-01-27 16:21:25:INFO:Average Global Accuracy and Loss for Each Task:
2022-01-27 16:21:25:INFO:Accuracy = [0.9606262491672218, 0.9676215856095937, 0.9822118587608261, 0.9538974017321785, 0.9724850099933378, 0.9639573617588274, 0.9774816788807462, 0.9697534976682212, 0.9699533644237175, 0.9712191872085276, 0.37408394403730844, 0.9480346435709527, 0.9498334443704197, 0.050299800133244504, 0.48687541638907395, 0.9444370419720186, 0.9465023317788142, 0.3816122584943371, 0.14576948700866088, 0.28900732844770155]
2022-01-27 16:21:25:INFO:Loss = [0.09508692289073672, 0.08435522838934498, 0.04910752513492022, 0.1233817674550628, 0.06956553008782893, 0.09286314778802479, 0.05735870338150773, 0.08242235110273535, 0.07845432228178366, 0.08135080340714977, 0.731927148458721, 0.3369927051294096, 0.39362190790886403, 1.3191325791274444, 0.6955364835889716, 0.520077097499315, 0.5297151139642619, 0.7299391728214706, 0.8337803480388482, 0.7657886446395927]
2022-01-27 16:21:25:INFO:-------------Training local models-------------
2022-01-27 16:23:51:INFO:-------------Aggregating local models-------------
2022-01-27 16:23:53:INFO:-------------Round number: 22-------------
2022-01-27 16:23:53:INFO:-------------Sending models-------------
2022-01-27 16:23:53:INFO:-------------Evaluating models-------------
2022-01-27 16:23:53:INFO:Average Global Accuracy and Loss for Each Task:
2022-01-27 16:23:53:INFO:Accuracy = [0.9606262491672218, 0.9679546968687541, 0.9824117255163225, 0.9542971352431712, 0.972618254497002, 0.9642238507661559, 0.9775483011325783, 0.9697534976682212, 0.9705529646902066, 0.9714856762158561, 0.37381745502998004, 0.9478347768154564, 0.9498334443704197, 0.05036642238507662, 0.4866755496335776, 0.9439706862091939, 0.9463690872751499, 0.3826115922718188, 0.1453031312458361, 0.28954030646235845]
2022-01-27 16:23:53:INFO:Loss = [0.09473768556733686, 0.0837853224608226, 0.04843591842740465, 0.1222627006418999, 0.0691720126941013, 0.09197326388749594, 0.05696472818908939, 0.08209111121316628, 0.07800486450616323, 0.0804005692211353, 0.7323912565268174, 0.3360091480114395, 0.392938266887139, 1.323093239527238, 0.6958632184337727, 0.5197681137099416, 0.5291974096100462, 0.7297029141423546, 0.8341460486636966, 0.7662183105786747]
2022-01-27 16:23:53:INFO:-------------Training local models-------------
2022-01-27 16:26:19:INFO:-------------Aggregating local models-------------
2022-01-27 16:26:21:INFO:-------------Round number: 23-------------
2022-01-27 16:26:21:INFO:-------------Sending models-------------
2022-01-27 16:26:21:INFO:-------------Evaluating models-------------
2022-01-27 16:26:21:INFO:Average Global Accuracy and Loss for Each Task:
2022-01-27 16:26:21:INFO:Accuracy = [0.960692871419054, 0.9682211858760826, 0.9826115922718188, 0.9543637574950034, 0.9730179880079947, 0.9646902065289806, 0.977348434377082, 0.9700199866755497, 0.9706862091938707, 0.9718854097268488, 0.3738840772818121, 0.9478347768154564, 0.9498334443704197, 0.05036642238507662, 0.4876748834110593, 0.9437708194536976, 0.9465689540306462, 0.3834776815456362, 0.14477015323117923, 0.2904063957361759]
2022-01-27 16:26:21:INFO:Loss = [0.09447771561618083, 0.08328024877925098, 0.04778792193686238, 0.12123409504675098, 0.06881930166100422, 0.09126261210133706, 0.05661705625773985, 0.08176591619188407, 0.07782939417265758, 0.07960068389284285, 0.7327386706015175, 0.335086443610266, 0.39232920655741205, 1.3267939883021813, 0.696117600320102, 0.5194451091469804, 0.5286396325349331, 0.7293838360284186, 0.8344902116683703, 0.7665261530820566]
2022-01-27 16:26:21:INFO:-------------Training local models-------------
2022-01-27 16:28:47:INFO:-------------Aggregating local models-------------
2022-01-27 16:28:49:INFO:-------------Round number: 24-------------
2022-01-27 16:28:49:INFO:-------------Sending models-------------
2022-01-27 16:28:49:INFO:-------------Evaluating models-------------
2022-01-27 16:28:49:INFO:Average Global Accuracy and Loss for Each Task:
2022-01-27 16:28:49:INFO:Accuracy = [0.9605596269153898, 0.968487674883411, 0.9832111925383078, 0.9544303797468354, 0.9728181212524983, 0.9650899400399734, 0.9777481678880746, 0.9701532311792138, 0.9710859427048634, 0.9726848767488341, 0.3742838107928048, 0.9477015323117921, 0.9498334443704197, 0.050499666888740836, 0.48854097268487673, 0.9436375749500333, 0.946435709526982, 0.3841439040639574, 0.14430379746835442, 0.2926715522984677]
2022-01-27 16:28:49:INFO:Loss = [0.09415864640108725, 0.08279660422070724, 0.04721894274917576, 0.12025211679961585, 0.06857416131882696, 0.09061320370584107, 0.05620981908227202, 0.08145778102274287, 0.0775878863116766, 0.07875023963217626, 0.7331199406465636, 0.3341886041801346, 0.3916588012464121, 1.3304649114529346, 0.6964053245721699, 0.5190815284560316, 0.5281441322094118, 0.7290028482377727, 0.8348272216153256, 0.7667706207900267]
2022-01-27 16:28:49:INFO:-------------Training local models-------------
2022-01-27 16:31:15:INFO:-------------Aggregating local models-------------
2022-01-27 16:31:17:INFO:-------------Round number: 25-------------
2022-01-27 16:31:17:INFO:-------------Sending models-------------
2022-01-27 16:31:17:INFO:-------------Evaluating models-------------
2022-01-27 16:31:18:INFO:Average Global Accuracy and Loss for Each Task:
2022-01-27 16:31:18:INFO:Accuracy = [0.9606262491672218, 0.968421052631579, 0.9831445702864757, 0.9548301132578281, 0.9728181212524983, 0.9654230512991339, 0.9779480346435709, 0.9703530979347101, 0.9710859427048634, 0.9731512325116589, 0.37341772151898733, 0.9475016655562958, 0.9498334443704197, 0.050499666888740836, 0.49020652898067957, 0.9435709526982012, 0.946435709526982, 0.38454363757495, 0.1435043304463691, 0.29293804130579615]
2022-01-27 16:31:18:INFO:Loss = [0.09383990719782412, 0.08250025244777208, 0.04668781632721024, 0.11937000201576062, 0.06833436349437862, 0.08997284011051673, 0.05571835759448894, 0.08114803891088708, 0.07731524192418295, 0.07808934379367702, 0.7334916920839827, 0.33332745294960875, 0.3909719400688619, 1.3337564728007485, 0.6966905719037854, 0.5187156633366592, 0.5276439676655681, 0.7285685943572383, 0.8352460249275624, 0.7670632888244677]
2022-01-27 16:31:18:INFO:-------------Training local models-------------
2022-01-27 16:33:44:INFO:-------------Aggregating local models-------------
2022-01-27 16:33:46:INFO:-------------Round number: 26-------------
2022-01-27 16:33:46:INFO:-------------Sending models-------------
2022-01-27 16:33:46:INFO:-------------Evaluating models-------------
2022-01-27 16:33:46:INFO:Average Global Accuracy and Loss for Each Task:
2022-01-27 16:33:46:INFO:Accuracy = [0.9611592271818787, 0.968487674883411, 0.9836109260493004, 0.9552298467688208, 0.9729513657561626, 0.9656229180546303, 0.9784143904063958, 0.9704197201865423, 0.9712858094603598, 0.9734177215189873, 0.37241838774150565, 0.9472351765489674, 0.9498334443704197, 0.05056628914057295, 0.489873417721519, 0.943437708194537, 0.946435709526982, 0.38634243837441706, 0.1419720186542305, 0.2937375083277815]
2022-01-27 16:33:46:INFO:Loss = [0.09361678983790563, 0.08226253329911373, 0.04620484552686225, 0.1185517259003728, 0.06810389783232706, 0.08939305000672178, 0.05532466434471267, 0.08087520669150441, 0.07715120262395676, 0.07754859197039217, 0.7337540895124025, 0.3324895022343906, 0.39028812045557826, 1.3369281818595113, 0.6969972373127222, 0.5184223546058953, 0.5271245907597507, 0.7281758743512639, 0.8357027660601144, 0.7673280454253769]
2022-01-27 16:33:46:INFO:-------------Training local models-------------
2022-01-27 16:36:12:INFO:-------------Aggregating local models-------------
2022-01-27 16:36:14:INFO:-------------Round number: 27-------------
2022-01-27 16:36:14:INFO:-------------Sending models-------------
2022-01-27 16:36:14:INFO:-------------Evaluating models-------------
2022-01-27 16:36:15:INFO:Average Global Accuracy and Loss for Each Task:
2022-01-27 16:36:15:INFO:Accuracy = [0.9612258494337108, 0.9685542971352432, 0.9837441705529647, 0.9554297135243172, 0.9732844770153232, 0.9656895403064624, 0.9787475016655562, 0.9705529646902066, 0.9712858094603598, 0.97381745502998, 0.3710193204530313, 0.9471685542971352, 0.9498334443704197, 0.050699533644237176, 0.49033977348434377, 0.9432378414390407, 0.9467021985343105, 0.3872085276482345, 0.14090606262491673, 0.29467021985343106]
2022-01-27 16:36:15:INFO:Loss = [0.0934985847380967, 0.08194815065534089, 0.045780866133445806, 0.11780460527684272, 0.06789449984803399, 0.08894166343895142, 0.05487528157949871, 0.0806113076421745, 0.07696040402524808, 0.07694370236006105, 0.7339033951209752, 0.33166698169045095, 0.3896999021258694, 1.3401482594164111, 0.6973316182461204, 0.5180047916917305, 0.5267065415098062, 0.7277278244376262, 0.8360872256565222, 0.7675102911894517]
2022-01-27 16:36:15:INFO:-------------Training local models-------------
2022-01-27 16:38:41:INFO:-------------Aggregating local models-------------
2022-01-27 16:38:42:INFO:-------------Round number: 28-------------
2022-01-27 16:38:42:INFO:-------------Sending models-------------
2022-01-27 16:38:42:INFO:-------------Evaluating models-------------
2022-01-27 16:38:43:INFO:Average Global Accuracy and Loss for Each Task:
2022-01-27 16:38:43:INFO:Accuracy = [0.9612258494337108, 0.9687541638907395, 0.9840772818121253, 0.9558294470353098, 0.9735509660226516, 0.9658227848101266, 0.9790139906728847, 0.970886075949367, 0.9716855429713525, 0.9740839440373085, 0.37075283144570287, 0.9471019320453031, 0.9498334443704197, 0.050699533644237176, 0.4905396402398401, 0.9433044636908727, 0.9469020652898068, 0.38787475016655565, 0.13944037308461027, 0.2950033311125916]
2022-01-27 16:38:43:INFO:Loss = [0.0934179127297126, 0.08184860458430673, 0.04540225681032715, 0.11712406070017885, 0.06767555763595388, 0.08844583000158318, 0.05438733311760871, 0.08040825404149182, 0.07687266809649114, 0.07651773673173518, 0.7339484181148381, 0.3308673717384335, 0.3891501577554902, 1.343169879103247, 0.6975517896713216, 0.5176292518708485, 0.526198615317421, 0.7273491833465724, 0.8364895232473509, 0.7678276909382481]
2022-01-27 16:38:43:INFO:-------------Training local models-------------
2022-01-27 16:41:09:INFO:-------------Aggregating local models-------------
2022-01-27 16:41:10:INFO:-------------Round number: 29-------------
2022-01-27 16:41:10:INFO:-------------Sending models-------------
2022-01-27 16:41:11:INFO:-------------Evaluating models-------------
2022-01-27 16:41:11:INFO:Average Global Accuracy and Loss for Each Task:
2022-01-27 16:41:11:INFO:Accuracy = [0.9615589606928714, 0.9688207861425716, 0.9838107928047968, 0.9563624250499667, 0.9734843437708195, 0.9662225183211193, 0.9790139906728847, 0.9712191872085276, 0.9715522984676882, 0.9739506995336442, 0.3710193204530313, 0.9471685542971352, 0.9498334443704197, 0.0508327781479014, 0.49120586275816125, 0.9433044636908727, 0.9470353097934711, 0.3886075949367089, 0.1379746835443038, 0.2955363091272485]
2022-01-27 16:41:11:INFO:Loss = [0.09335364786479947, 0.08178235279190607, 0.045076204685492054, 0.11648375905154133, 0.06747876269846717, 0.08804831024762723, 0.054033398118944975, 0.08024194375481737, 0.0767159073523907, 0.07610617318275523, 0.7339782090245843, 0.33013026191047, 0.38866775344007415, 1.3458237044816015, 0.6975950941095981, 0.5173237487187312, 0.5257845900262855, 0.727009003353786, 0.836752715518203, 0.7681748168219097]
2022-01-27 16:41:11:INFO:-------------Training local models-------------
2022-01-27 16:43:37:INFO:-------------Aggregating local models-------------
